{"C:\\Users\\Администратор\\Desktop\\book-store-master\\book-store-master\\client\\src\\App.js": {"path":"C:\\Users\\Администратор\\Desktop\\book-store-master\\book-store-master\\client\\src\\App.js","statementMap":{"0":{"start":{"line":8,"column":12},"end":{"line":20,"column":1}},"1":{"start":{"line":9,"column":2},"end":{"line":19,"column":4}}},"fnMap":{"0":{"name":"(anonymous_0)","decl":{"start":{"line":8,"column":12},"end":{"line":8,"column":13}},"loc":{"start":{"line":8,"column":18},"end":{"line":20,"column":1}},"line":8}},"branchMap":{},"s":{"0":0,"1":0},"f":{"0":0},"b":{}}
,"C:\\Users\\Администратор\\Desktop\\book-store-master\\book-store-master\\client\\src\\GlobalState.js": {"path":"C:\\Users\\Администратор\\Desktop\\book-store-master\\book-store-master\\client\\src\\GlobalState.js","statementMap":{"0":{"start":{"line":7,"column":28},"end":{"line":7,"column":43}},"1":{"start":{"line":8,"column":29},"end":{"line":36,"column":2}},"2":{"start":{"line":9,"column":2},"end":{"line":9,"column":15}},"3":{"start":{"line":10,"column":28},"end":{"line":10,"column":43}},"4":{"start":{"line":12,"column":2},"end":{"line":26,"column":9}},"5":{"start":{"line":13,"column":23},"end":{"line":13,"column":57}},"6":{"start":{"line":14,"column":4},"end":{"line":25,"column":5}},"7":{"start":{"line":15,"column":27},"end":{"line":23,"column":7}},"8":{"start":{"line":16,"column":20},"end":{"line":16,"column":58}},"9":{"start":{"line":18,"column":8},"end":{"line":18,"column":39}},"10":{"start":{"line":20,"column":8},"end":{"line":22,"column":27}},"11":{"start":{"line":21,"column":10},"end":{"line":21,"column":25}},"12":{"start":{"line":24,"column":6},"end":{"line":24,"column":21}},"13":{"start":{"line":28,"column":16},"end":{"line":33,"column":3}},"14":{"start":{"line":35,"column":3},"end":{"line":35,"column":80}}},"fnMap":{"0":{"name":"(anonymous_0)","decl":{"start":{"line":8,"column":29},"end":{"line":8,"column":30}},"loc":{"start":{"line":8,"column":47},"end":{"line":36,"column":2}},"line":8},"1":{"name":"(anonymous_1)","decl":{"start":{"line":12,"column":12},"end":{"line":12,"column":13}},"loc":{"start":{"line":12,"column":18},"end":{"line":26,"column":3}},"line":12},"2":{"name":"(anonymous_2)","decl":{"start":{"line":15,"column":27},"end":{"line":15,"column":28}},"loc":{"start":{"line":15,"column":39},"end":{"line":23,"column":7}},"line":15},"3":{"name":"(anonymous_3)","decl":{"start":{"line":20,"column":19},"end":{"line":20,"column":20}},"loc":{"start":{"line":20,"column":25},"end":{"line":22,"column":9}},"line":20}},"branchMap":{"0":{"loc":{"start":{"line":14,"column":4},"end":{"line":25,"column":5}},"type":"if","locations":[{"start":{"line":14,"column":4},"end":{"line":25,"column":5}},{"start":{},"end":{}}],"line":14}},"s":{"0":16,"1":16,"2":6,"3":6,"4":6,"5":6,"6":6,"7":1,"8":1,"9":1,"10":1,"11":0,"12":1,"13":6,"14":6},"f":{"0":6,"1":6,"2":1,"3":0},"b":{"0":[1,5]},"_coverageSchema":"1a1c01bbd47fc00a2c39e90264f33305004495a9","hash":"68dfe05062b10788494787eb5f6795d906df7258"}
,"C:\\Users\\Администратор\\Desktop\\book-store-master\\book-store-master\\client\\src\\index.js": {"path":"C:\\Users\\Администратор\\Desktop\\book-store-master\\book-store-master\\client\\src\\index.js","statementMap":{"0":{"start":{"line":6,"column":13},"end":{"line":6,"column":65}},"1":{"start":{"line":7,"column":0},"end":{"line":7,"column":21}}},"fnMap":{},"branchMap":{},"s":{"0":0,"1":0},"f":{},"b":{}}
,"C:\\Users\\Администратор\\Desktop\\book-store-master\\book-store-master\\client\\src\\api\\CategoriesAPI.js": {"path":"C:\\Users\\Администратор\\Desktop\\book-store-master\\book-store-master\\client\\src\\api\\CategoriesAPI.js","statementMap":{"0":{"start":{"line":5,"column":38},"end":{"line":5,"column":50}},"1":{"start":{"line":6,"column":34},"end":{"line":6,"column":49}},"2":{"start":{"line":8,"column":2},"end":{"line":15,"column":17}},"3":{"start":{"line":9,"column":26},"end":{"line":12,"column":5}},"4":{"start":{"line":10,"column":18},"end":{"line":10,"column":50}},"5":{"start":{"line":11,"column":6},"end":{"line":11,"column":30}},"6":{"start":{"line":14,"column":4},"end":{"line":14,"column":20}},"7":{"start":{"line":16,"column":2},"end":{"line":19,"column":4}}},"fnMap":{"0":{"name":"CategoriesAPI","decl":{"start":{"line":4,"column":9},"end":{"line":4,"column":22}},"loc":{"start":{"line":4,"column":25},"end":{"line":20,"column":1}},"line":4},"1":{"name":"(anonymous_1)","decl":{"start":{"line":8,"column":12},"end":{"line":8,"column":13}},"loc":{"start":{"line":8,"column":18},"end":{"line":15,"column":3}},"line":8},"2":{"name":"(anonymous_2)","decl":{"start":{"line":9,"column":26},"end":{"line":9,"column":27}},"loc":{"start":{"line":9,"column":38},"end":{"line":12,"column":5}},"line":9}},"branchMap":{},"s":{"0":6,"1":6,"2":6,"3":3,"4":3,"5":3,"6":3,"7":6},"f":{"0":6,"1":3,"2":3},"b":{},"_coverageSchema":"1a1c01bbd47fc00a2c39e90264f33305004495a9","hash":"4da9d4ad86136bbae58a96abbefbc9fd4fcdeee0"}
,"C:\\Users\\Администратор\\Desktop\\book-store-master\\book-store-master\\client\\src\\api\\ProductsAPI.js": {"path":"C:\\Users\\Администратор\\Desktop\\book-store-master\\book-store-master\\client\\src\\api\\ProductsAPI.js","statementMap":{"0":{"start":{"line":5,"column":34},"end":{"line":5,"column":46}},"1":{"start":{"line":6,"column":34},"end":{"line":6,"column":49}},"2":{"start":{"line":7,"column":34},"end":{"line":7,"column":46}},"3":{"start":{"line":8,"column":26},"end":{"line":8,"column":38}},"4":{"start":{"line":9,"column":30},"end":{"line":9,"column":42}},"5":{"start":{"line":10,"column":26},"end":{"line":10,"column":37}},"6":{"start":{"line":11,"column":30},"end":{"line":11,"column":41}},"7":{"start":{"line":13,"column":22},"end":{"line":21,"column":3}},"8":{"start":{"line":14,"column":16},"end":{"line":18,"column":5}},"9":{"start":{"line":19,"column":4},"end":{"line":19,"column":35}},"10":{"start":{"line":20,"column":4},"end":{"line":20,"column":31}},"11":{"start":{"line":22,"column":2},"end":{"line":24,"column":47}},"12":{"start":{"line":23,"column":4},"end":{"line":23,"column":18}},"13":{"start":{"line":26,"column":2},"end":{"line":35,"column":4}}},"fnMap":{"0":{"name":"ProductsAPI","decl":{"start":{"line":4,"column":9},"end":{"line":4,"column":20}},"loc":{"start":{"line":4,"column":23},"end":{"line":36,"column":1}},"line":4},"1":{"name":"(anonymous_1)","decl":{"start":{"line":13,"column":22},"end":{"line":13,"column":23}},"loc":{"start":{"line":13,"column":34},"end":{"line":21,"column":3}},"line":13},"2":{"name":"(anonymous_2)","decl":{"start":{"line":22,"column":12},"end":{"line":22,"column":13}},"loc":{"start":{"line":22,"column":18},"end":{"line":24,"column":3}},"line":22}},"branchMap":{},"s":{"0":3,"1":3,"2":3,"3":3,"4":3,"5":3,"6":3,"7":3,"8":1,"9":1,"10":1,"11":3,"12":1,"13":3},"f":{"0":3,"1":1,"2":1},"b":{},"_coverageSchema":"1a1c01bbd47fc00a2c39e90264f33305004495a9","hash":"272ae82f4c1e8bdf95e15d1fa98e575576ac6775"}
,"C:\\Users\\Администратор\\Desktop\\book-store-master\\book-store-master\\client\\src\\api\\UserAPI.js": {"path":"C:\\Users\\Администратор\\Desktop\\book-store-master\\book-store-master\\client\\src\\api\\UserAPI.js","statementMap":{"0":{"start":{"line":5,"column":34},"end":{"line":5,"column":49}},"1":{"start":{"line":6,"column":32},"end":{"line":6,"column":47}},"2":{"start":{"line":7,"column":26},"end":{"line":7,"column":38}},"3":{"start":{"line":8,"column":32},"end":{"line":8,"column":44}},"4":{"start":{"line":9,"column":28},"end":{"line":9,"column":40}},"5":{"start":{"line":10,"column":26},"end":{"line":10,"column":36}},"6":{"start":{"line":12,"column":2},"end":{"line":35,"column":14}},"7":{"start":{"line":13,"column":4},"end":{"line":34,"column":5}},"8":{"start":{"line":14,"column":22},"end":{"line":31,"column":7}},"9":{"start":{"line":15,"column":8},"end":{"line":30,"column":9}},"10":{"start":{"line":16,"column":22},"end":{"line":18,"column":12}},"11":{"start":{"line":19,"column":10},"end":{"line":19,"column":28}},"12":{"start":{"line":20,"column":10},"end":{"line":20,"column":69}},"13":{"start":{"line":21,"column":10},"end":{"line":21,"column":33}},"14":{"start":{"line":22,"column":10},"end":{"line":22,"column":33}},"15":{"start":{"line":23,"column":10},"end":{"line":23,"column":35}},"16":{"start":{"line":25,"column":10},"end":{"line":29,"column":11}},"17":{"start":{"line":26,"column":12},"end":{"line":26,"column":41}},"18":{"start":{"line":28,"column":12},"end":{"line":28,"column":59}},"19":{"start":{"line":33,"column":6},"end":{"line":33,"column":16}},"20":{"start":{"line":37,"column":18},"end":{"line":58,"column":3}},"21":{"start":{"line":38,"column":4},"end":{"line":39,"column":75}},"22":{"start":{"line":39,"column":6},"end":{"line":39,"column":75}},"23":{"start":{"line":41,"column":18},"end":{"line":43,"column":6}},"24":{"start":{"line":42,"column":6},"end":{"line":42,"column":38}},"25":{"start":{"line":45,"column":4},"end":{"line":57,"column":5}},"26":{"start":{"line":46,"column":6},"end":{"line":46,"column":54}},"27":{"start":{"line":48,"column":6},"end":{"line":54,"column":8}},"28":{"start":{"line":56,"column":6},"end":{"line":56,"column":52}},"29":{"start":{"line":60,"column":2},"end":{"line":68,"column":4}}},"fnMap":{"0":{"name":"UserAPI","decl":{"start":{"line":4,"column":9},"end":{"line":4,"column":16}},"loc":{"start":{"line":4,"column":24},"end":{"line":69,"column":1}},"line":4},"1":{"name":"(anonymous_1)","decl":{"start":{"line":12,"column":12},"end":{"line":12,"column":13}},"loc":{"start":{"line":12,"column":18},"end":{"line":35,"column":3}},"line":12},"2":{"name":"(anonymous_2)","decl":{"start":{"line":14,"column":22},"end":{"line":14,"column":23}},"loc":{"start":{"line":14,"column":34},"end":{"line":31,"column":7}},"line":14},"3":{"name":"(anonymous_3)","decl":{"start":{"line":37,"column":18},"end":{"line":37,"column":19}},"loc":{"start":{"line":37,"column":37},"end":{"line":58,"column":3}},"line":37},"4":{"name":"(anonymous_4)","decl":{"start":{"line":41,"column":29},"end":{"line":41,"column":30}},"loc":{"start":{"line":41,"column":39},"end":{"line":43,"column":5}},"line":41}},"branchMap":{"0":{"loc":{"start":{"line":13,"column":4},"end":{"line":34,"column":5}},"type":"if","locations":[{"start":{"line":13,"column":4},"end":{"line":34,"column":5}},{"start":{},"end":{}}],"line":13},"1":{"loc":{"start":{"line":20,"column":10},"end":{"line":20,"column":68}},"type":"cond-expr","locations":[{"start":{"line":20,"column":32},"end":{"line":20,"column":48}},{"start":{"line":20,"column":51},"end":{"line":20,"column":68}}],"line":20},"2":{"loc":{"start":{"line":25,"column":10},"end":{"line":29,"column":11}},"type":"if","locations":[{"start":{"line":25,"column":10},"end":{"line":29,"column":11}},{"start":{"line":27,"column":17},"end":{"line":29,"column":11}}],"line":25},"3":{"loc":{"start":{"line":25,"column":14},"end":{"line":25,"column":47}},"type":"binary-expr","locations":[{"start":{"line":25,"column":14},"end":{"line":25,"column":26}},{"start":{"line":25,"column":30},"end":{"line":25,"column":47}}],"line":25},"4":{"loc":{"start":{"line":38,"column":4},"end":{"line":39,"column":75}},"type":"if","locations":[{"start":{"line":38,"column":4},"end":{"line":39,"column":75}},{"start":{},"end":{}}],"line":38},"5":{"loc":{"start":{"line":45,"column":4},"end":{"line":57,"column":5}},"type":"if","locations":[{"start":{"line":45,"column":4},"end":{"line":57,"column":5}},{"start":{"line":55,"column":11},"end":{"line":57,"column":5}}],"line":45}},"s":{"0":32,"1":32,"2":32,"3":32,"4":32,"5":32,"6":32,"7":6,"8":5,"9":5,"10":5,"11":5,"12":5,"13":5,"14":5,"15":5,"16":0,"17":0,"18":0,"19":5,"20":32,"21":3,"22":1,"23":2,"24":1,"25":2,"26":1,"27":1,"28":1,"29":32},"f":{"0":32,"1":6,"2":5,"3":3,"4":1},"b":{"0":[5,1],"1":[1,4],"2":[0,0],"3":[0,0],"4":[1,2],"5":[1,1]},"_coverageSchema":"1a1c01bbd47fc00a2c39e90264f33305004495a9","hash":"dfcd2eaa0b6fd319da004959b00149fc53da7ac3"}
,"C:\\Users\\Администратор\\Desktop\\book-store-master\\book-store-master\\client\\src\\components\\footer\\Footer.js": {"path":"C:\\Users\\Администратор\\Desktop\\book-store-master\\book-store-master\\client\\src\\components\\footer\\Footer.js","statementMap":{"0":{"start":{"line":6,"column":15},"end":{"line":39,"column":1}},"1":{"start":{"line":7,"column":2},"end":{"line":38,"column":4}}},"fnMap":{"0":{"name":"(anonymous_0)","decl":{"start":{"line":6,"column":15},"end":{"line":6,"column":16}},"loc":{"start":{"line":6,"column":21},"end":{"line":39,"column":1}},"line":6}},"branchMap":{},"s":{"0":1,"1":6},"f":{"0":6},"b":{},"_coverageSchema":"1a1c01bbd47fc00a2c39e90264f33305004495a9","hash":"944fc3d72e965cc614db4618f6bb18b95cf9f26c"}
,"C:\\Users\\Администратор\\Desktop\\book-store-master\\book-store-master\\client\\src\\components\\headers\\Header.js": {"path":"C:\\Users\\Администратор\\Desktop\\book-store-master\\book-store-master\\client\\src\\components\\headers\\Header.js","statementMap":{"0":{"start":{"line":9,"column":16},"end":{"line":102,"column":2}},"1":{"start":{"line":10,"column":16},"end":{"line":10,"column":39}},"2":{"start":{"line":11,"column":20},"end":{"line":11,"column":42}},"3":{"start":{"line":12,"column":21},"end":{"line":12,"column":42}},"4":{"start":{"line":13,"column":18},"end":{"line":13,"column":36}},"5":{"start":{"line":14,"column":26},"end":{"line":14,"column":41}},"6":{"start":{"line":15,"column":17},"end":{"line":15,"column":35}},"7":{"start":{"line":17,"column":20},"end":{"line":23,"column":2}},"8":{"start":{"line":18,"column":3},"end":{"line":18,"column":35}},"9":{"start":{"line":20,"column":3},"end":{"line":20,"column":41}},"10":{"start":{"line":22,"column":3},"end":{"line":22,"column":30}},"11":{"start":{"line":25,"column":21},"end":{"line":36,"column":2}},"12":{"start":{"line":26,"column":3},"end":{"line":35,"column":5}},"13":{"start":{"line":38,"column":22},"end":{"line":51,"column":2}},"14":{"start":{"line":39,"column":3},"end":{"line":50,"column":5}},"15":{"start":{"line":53,"column":20},"end":{"line":55,"column":3}},"16":{"start":{"line":57,"column":2},"end":{"line":101,"column":4}},"17":{"start":{"line":59,"column":43},"end":{"line":59,"column":57}},"18":{"start":{"line":84,"column":27},"end":{"line":84,"column":41}}},"fnMap":{"0":{"name":"(anonymous_0)","decl":{"start":{"line":9,"column":16},"end":{"line":9,"column":17}},"loc":{"start":{"line":9,"column":22},"end":{"line":102,"column":2}},"line":9},"1":{"name":"(anonymous_1)","decl":{"start":{"line":17,"column":20},"end":{"line":17,"column":21}},"loc":{"start":{"line":17,"column":32},"end":{"line":23,"column":2}},"line":17},"2":{"name":"(anonymous_2)","decl":{"start":{"line":25,"column":21},"end":{"line":25,"column":22}},"loc":{"start":{"line":25,"column":27},"end":{"line":36,"column":2}},"line":25},"3":{"name":"(anonymous_3)","decl":{"start":{"line":38,"column":22},"end":{"line":38,"column":23}},"loc":{"start":{"line":38,"column":28},"end":{"line":51,"column":2}},"line":38},"4":{"name":"(anonymous_4)","decl":{"start":{"line":59,"column":37},"end":{"line":59,"column":38}},"loc":{"start":{"line":59,"column":43},"end":{"line":59,"column":57}},"line":59},"5":{"name":"(anonymous_5)","decl":{"start":{"line":84,"column":21},"end":{"line":84,"column":22}},"loc":{"start":{"line":84,"column":27},"end":{"line":84,"column":41}},"line":84}},"branchMap":{"0":{"loc":{"start":{"line":54,"column":10},"end":{"line":54,"column":28}},"type":"cond-expr","locations":[{"start":{"line":54,"column":17},"end":{"line":54,"column":18}},{"start":{"line":54,"column":21},"end":{"line":54,"column":28}}],"line":54},"1":{"loc":{"start":{"line":65,"column":24},"end":{"line":65,"column":58}},"type":"cond-expr","locations":[{"start":{"line":65,"column":34},"end":{"line":65,"column":41}},{"start":{"line":65,"column":44},"end":{"line":65,"column":58}}],"line":65},"2":{"loc":{"start":{"line":71,"column":24},"end":{"line":71,"column":54}},"type":"cond-expr","locations":[{"start":{"line":71,"column":34},"end":{"line":71,"column":42}},{"start":{"line":71,"column":45},"end":{"line":71,"column":54}}],"line":71},"3":{"loc":{"start":{"line":74,"column":9},"end":{"line":74,"column":33}},"type":"binary-expr","locations":[{"start":{"line":74,"column":9},"end":{"line":74,"column":16}},{"start":{"line":74,"column":20},"end":{"line":74,"column":33}}],"line":74},"4":{"loc":{"start":{"line":76,"column":9},"end":{"line":82,"column":9}},"type":"cond-expr","locations":[{"start":{"line":77,"column":10},"end":{"line":77,"column":24}},{"start":{"line":79,"column":10},"end":{"line":81,"column":15}}],"line":76},"5":{"loc":{"start":{"line":89,"column":7},"end":{"line":98,"column":7}},"type":"cond-expr","locations":[{"start":{"line":90,"column":8},"end":{"line":90,"column":10}},{"start":{"line":92,"column":8},"end":{"line":97,"column":14}}],"line":89}},"s":{"0":1,"1":17,"2":17,"3":17,"4":17,"5":17,"6":17,"7":17,"8":0,"9":0,"10":0,"11":17,"12":7,"13":17,"14":7,"15":17,"16":17,"17":3,"18":1},"f":{"0":17,"1":0,"2":7,"3":7,"4":3,"5":1},"b":{"0":[3,14],"1":[7,10],"2":[7,10],"3":[17,7],"4":[7,10],"5":[7,10]},"_coverageSchema":"1a1c01bbd47fc00a2c39e90264f33305004495a9","hash":"6e8db132a4a1da376f405e1ba88cc4b9eb3014cd"}
,"C:\\Users\\Администратор\\Desktop\\book-store-master\\book-store-master\\client\\src\\components\\pages\\Pages.js": {"path":"C:\\Users\\Администратор\\Desktop\\book-store-master\\book-store-master\\client\\src\\components\\pages\\Pages.js","statementMap":{"0":{"start":{"line":16,"column":14},"end":{"line":61,"column":1}},"1":{"start":{"line":17,"column":16},"end":{"line":17,"column":39}},"2":{"start":{"line":18,"column":21},"end":{"line":18,"column":43}},"3":{"start":{"line":19,"column":20},"end":{"line":19,"column":41}},"4":{"start":{"line":21,"column":2},"end":{"line":60,"column":4}}},"fnMap":{"0":{"name":"(anonymous_0)","decl":{"start":{"line":16,"column":14},"end":{"line":16,"column":15}},"loc":{"start":{"line":16,"column":20},"end":{"line":61,"column":1}},"line":16}},"branchMap":{"0":{"loc":{"start":{"line":26,"column":36},"end":{"line":26,"column":71}},"type":"cond-expr","locations":[{"start":{"line":26,"column":47},"end":{"line":26,"column":59}},{"start":{"line":26,"column":62},"end":{"line":26,"column":71}}],"line":26},"1":{"loc":{"start":{"line":29,"column":17},"end":{"line":29,"column":55}},"type":"cond-expr","locations":[{"start":{"line":29,"column":28},"end":{"line":29,"column":40}},{"start":{"line":29,"column":43},"end":{"line":29,"column":55}}],"line":29},"2":{"loc":{"start":{"line":34,"column":17},"end":{"line":34,"column":56}},"type":"cond-expr","locations":[{"start":{"line":34,"column":27},"end":{"line":34,"column":41}},{"start":{"line":34,"column":44},"end":{"line":34,"column":56}}],"line":34},"3":{"loc":{"start":{"line":38,"column":17},"end":{"line":38,"column":59}},"type":"cond-expr","locations":[{"start":{"line":38,"column":27},"end":{"line":38,"column":44}},{"start":{"line":38,"column":47},"end":{"line":38,"column":59}}],"line":38},"4":{"loc":{"start":{"line":42,"column":17},"end":{"line":42,"column":59}},"type":"cond-expr","locations":[{"start":{"line":42,"column":27},"end":{"line":42,"column":44}},{"start":{"line":42,"column":47},"end":{"line":42,"column":59}}],"line":42},"5":{"loc":{"start":{"line":47,"column":17},"end":{"line":47,"column":59}},"type":"cond-expr","locations":[{"start":{"line":47,"column":28},"end":{"line":47,"column":44}},{"start":{"line":47,"column":47},"end":{"line":47,"column":59}}],"line":47},"6":{"loc":{"start":{"line":51,"column":17},"end":{"line":51,"column":59}},"type":"cond-expr","locations":[{"start":{"line":51,"column":28},"end":{"line":51,"column":44}},{"start":{"line":51,"column":47},"end":{"line":51,"column":59}}],"line":51}},"s":{"0":1,"1":14,"2":14,"3":14,"4":14},"f":{"0":14},"b":{"0":[5,9],"1":[5,9],"2":[2,12],"3":[2,12],"4":[2,12],"5":[5,9],"6":[5,9]},"_coverageSchema":"1a1c01bbd47fc00a2c39e90264f33305004495a9","hash":"f58c432f9f1cfec2ca203bc43ed311a5062121ce"}
,"C:\\Users\\Администратор\\Desktop\\book-store-master\\book-store-master\\client\\src\\components\\pages\\auth\\Login.js": {"path":"C:\\Users\\Администратор\\Desktop\\book-store-master\\book-store-master\\client\\src\\components\\pages\\auth\\Login.js","statementMap":{"0":{"start":{"line":6,"column":26},"end":{"line":9,"column":4}},"1":{"start":{"line":11,"column":24},"end":{"line":14,"column":3}},"2":{"start":{"line":12,"column":28},"end":{"line":12,"column":36}},"3":{"start":{"line":13,"column":4},"end":{"line":13,"column":40}},"4":{"start":{"line":16,"column":22},"end":{"line":27,"column":3}},"5":{"start":{"line":17,"column":4},"end":{"line":17,"column":23}},"6":{"start":{"line":18,"column":4},"end":{"line":26,"column":5}},"7":{"start":{"line":19,"column":6},"end":{"line":19,"column":51}},"8":{"start":{"line":21,"column":6},"end":{"line":21,"column":47}},"9":{"start":{"line":23,"column":6},"end":{"line":23,"column":33}},"10":{"start":{"line":25,"column":6},"end":{"line":25,"column":35}},"11":{"start":{"line":29,"column":2},"end":{"line":58,"column":4}}},"fnMap":{"0":{"name":"Login","decl":{"start":{"line":5,"column":9},"end":{"line":5,"column":14}},"loc":{"start":{"line":5,"column":17},"end":{"line":59,"column":1}},"line":5},"1":{"name":"(anonymous_1)","decl":{"start":{"line":11,"column":24},"end":{"line":11,"column":25}},"loc":{"start":{"line":11,"column":31},"end":{"line":14,"column":3}},"line":11},"2":{"name":"(anonymous_2)","decl":{"start":{"line":16,"column":22},"end":{"line":16,"column":23}},"loc":{"start":{"line":16,"column":35},"end":{"line":27,"column":3}},"line":16}},"branchMap":{},"s":{"0":11,"1":11,"2":6,"3":6,"4":11,"5":2,"6":2,"7":2,"8":1,"9":1,"10":1,"11":11},"f":{"0":11,"1":6,"2":2},"b":{},"_coverageSchema":"1a1c01bbd47fc00a2c39e90264f33305004495a9","hash":"1bf1550d1d3ea29fe8796efca53ba597762022e1"}
,"C:\\Users\\Администратор\\Desktop\\book-store-master\\book-store-master\\client\\src\\components\\pages\\auth\\Register.js": {"path":"C:\\Users\\Администратор\\Desktop\\book-store-master\\book-store-master\\client\\src\\components\\pages\\auth\\Register.js","statementMap":{"0":{"start":{"line":6,"column":26},"end":{"line":10,"column":4}},"1":{"start":{"line":12,"column":24},"end":{"line":15,"column":3}},"2":{"start":{"line":13,"column":28},"end":{"line":13,"column":36}},"3":{"start":{"line":14,"column":4},"end":{"line":14,"column":40}},"4":{"start":{"line":17,"column":25},"end":{"line":28,"column":3}},"5":{"start":{"line":18,"column":4},"end":{"line":18,"column":23}},"6":{"start":{"line":19,"column":4},"end":{"line":27,"column":5}},"7":{"start":{"line":20,"column":6},"end":{"line":20,"column":54}},"8":{"start":{"line":22,"column":6},"end":{"line":22,"column":47}},"9":{"start":{"line":24,"column":6},"end":{"line":24,"column":33}},"10":{"start":{"line":26,"column":6},"end":{"line":26,"column":35}},"11":{"start":{"line":30,"column":2},"end":{"line":69,"column":4}}},"fnMap":{"0":{"name":"Register","decl":{"start":{"line":5,"column":9},"end":{"line":5,"column":17}},"loc":{"start":{"line":5,"column":20},"end":{"line":70,"column":1}},"line":5},"1":{"name":"(anonymous_1)","decl":{"start":{"line":12,"column":24},"end":{"line":12,"column":25}},"loc":{"start":{"line":12,"column":31},"end":{"line":15,"column":3}},"line":12},"2":{"name":"(anonymous_2)","decl":{"start":{"line":17,"column":25},"end":{"line":17,"column":26}},"loc":{"start":{"line":17,"column":38},"end":{"line":28,"column":3}},"line":17}},"branchMap":{},"s":{"0":9,"1":9,"2":6,"3":6,"4":9,"5":1,"6":1,"7":1,"8":1,"9":1,"10":0,"11":9},"f":{"0":9,"1":6,"2":1},"b":{},"_coverageSchema":"1a1c01bbd47fc00a2c39e90264f33305004495a9","hash":"f75629d57d59a4d174ecb2e6e7cd1e03492d1d11"}
,"C:\\Users\\Администратор\\Desktop\\book-store-master\\book-store-master\\client\\src\\components\\pages\\cart\\Cart.js": {"path":"C:\\Users\\Администратор\\Desktop\\book-store-master\\book-store-master\\client\\src\\components\\pages\\cart\\Cart.js","statementMap":{"0":{"start":{"line":9,"column":16},"end":{"line":9,"column":39}},"1":{"start":{"line":10,"column":26},"end":{"line":10,"column":44}},"2":{"start":{"line":11,"column":18},"end":{"line":11,"column":29}},"3":{"start":{"line":12,"column":28},"end":{"line":12,"column":39}},"4":{"start":{"line":13,"column":20},"end":{"line":13,"column":39}},"5":{"start":{"line":14,"column":22},"end":{"line":14,"column":37}},"6":{"start":{"line":15,"column":30},"end":{"line":15,"column":51}},"7":{"start":{"line":16,"column":28},"end":{"line":16,"column":40}},"8":{"start":{"line":19,"column":22},"end":{"line":38,"column":3}},"9":{"start":{"line":20,"column":4},"end":{"line":20,"column":23}},"10":{"start":{"line":21,"column":4},"end":{"line":21,"column":37}},"11":{"start":{"line":22,"column":44},"end":{"line":22,"column":61}},"12":{"start":{"line":23,"column":18},"end":{"line":27,"column":5}},"13":{"start":{"line":28,"column":7},"end":{"line":28,"column":21}},"14":{"start":{"line":29,"column":3},"end":{"line":35,"column":6}},"15":{"start":{"line":36,"column":4},"end":{"line":36,"column":27}},"16":{"start":{"line":39,"column":20},"end":{"line":52,"column":3}},"17":{"start":{"line":40,"column":4},"end":{"line":51,"column":5}},"18":{"start":{"line":41,"column":23},"end":{"line":43,"column":8}},"19":{"start":{"line":44,"column":6},"end":{"line":44,"column":34}},"20":{"start":{"line":46,"column":6},"end":{"line":50,"column":7}},"21":{"start":{"line":47,"column":8},"end":{"line":47,"column":37}},"22":{"start":{"line":49,"column":8},"end":{"line":49,"column":55}},"23":{"start":{"line":54,"column":2},"end":{"line":64,"column":13}},"24":{"start":{"line":55,"column":21},"end":{"line":61,"column":5}},"25":{"start":{"line":56,"column":20},"end":{"line":58,"column":11}},"26":{"start":{"line":57,"column":8},"end":{"line":57,"column":49}},"27":{"start":{"line":60,"column":6},"end":{"line":60,"column":22}},"28":{"start":{"line":63,"column":4},"end":{"line":63,"column":15}},"29":{"start":{"line":66,"column":20},"end":{"line":74,"column":3}},"30":{"start":{"line":67,"column":4},"end":{"line":73,"column":6}},"31":{"start":{"line":76,"column":20},"end":{"line":85,"column":3}},"32":{"start":{"line":77,"column":4},"end":{"line":81,"column":7}},"33":{"start":{"line":78,"column":6},"end":{"line":80,"column":7}},"34":{"start":{"line":79,"column":8},"end":{"line":79,"column":27}},"35":{"start":{"line":83,"column":4},"end":{"line":83,"column":23}},"36":{"start":{"line":84,"column":4},"end":{"line":84,"column":20}},"37":{"start":{"line":87,"column":20},"end":{"line":96,"column":3}},"38":{"start":{"line":88,"column":4},"end":{"line":92,"column":7}},"39":{"start":{"line":89,"column":6},"end":{"line":91,"column":7}},"40":{"start":{"line":90,"column":8},"end":{"line":90,"column":73}},"41":{"start":{"line":94,"column":4},"end":{"line":94,"column":23}},"42":{"start":{"line":95,"column":4},"end":{"line":95,"column":20}},"43":{"start":{"line":98,"column":24},"end":{"line":109,"column":3}},"44":{"start":{"line":99,"column":4},"end":{"line":108,"column":5}},"45":{"start":{"line":100,"column":6},"end":{"line":104,"column":9}},"46":{"start":{"line":101,"column":8},"end":{"line":103,"column":9}},"47":{"start":{"line":102,"column":10},"end":{"line":102,"column":32}},"48":{"start":{"line":106,"column":6},"end":{"line":106,"column":25}},"49":{"start":{"line":107,"column":6},"end":{"line":107,"column":22}},"50":{"start":{"line":111,"column":22},"end":{"line":130,"column":3}},"51":{"start":{"line":112,"column":22},"end":{"line":112,"column":30}},"52":{"start":{"line":113,"column":4},"end":{"line":123,"column":5}},"53":{"start":{"line":114,"column":6},"end":{"line":120,"column":8}},"54":{"start":{"line":122,"column":6},"end":{"line":122,"column":41}},"55":{"start":{"line":125,"column":4},"end":{"line":125,"column":16}},"56":{"start":{"line":126,"column":4},"end":{"line":126,"column":18}},"57":{"start":{"line":127,"column":4},"end":{"line":129,"column":5}},"58":{"start":{"line":128,"column":6},"end":{"line":128,"column":43}},"59":{"start":{"line":132,"column":2},"end":{"line":135,"column":6}},"60":{"start":{"line":133,"column":4},"end":{"line":135,"column":6}},"61":{"start":{"line":137,"column":2},"end":{"line":215,"column":4}},"62":{"start":{"line":140,"column":8},"end":{"line":160,"column":14}},"63":{"start":{"line":151,"column":37},"end":{"line":151,"column":59}},"64":{"start":{"line":153,"column":37},"end":{"line":153,"column":59}},"65":{"start":{"line":156,"column":51},"end":{"line":156,"column":77}},"66":{"start":{"line":167,"column":51},"end":{"line":167,"column":64}},"67":{"start":{"line":173,"column":12},"end":{"line":173,"column":31}},"68":{"start":{"line":174,"column":12},"end":{"line":174,"column":23}},"69":{"start":{"line":175,"column":12},"end":{"line":175,"column":29}}},"fnMap":{"0":{"name":"Cart","decl":{"start":{"line":8,"column":9},"end":{"line":8,"column":13}},"loc":{"start":{"line":8,"column":16},"end":{"line":216,"column":1}},"line":8},"1":{"name":"(anonymous_1)","decl":{"start":{"line":19,"column":22},"end":{"line":19,"column":23}},"loc":{"start":{"line":19,"column":35},"end":{"line":38,"column":3}},"line":19},"2":{"name":"(anonymous_2)","decl":{"start":{"line":39,"column":20},"end":{"line":39,"column":21}},"loc":{"start":{"line":39,"column":37},"end":{"line":52,"column":3}},"line":39},"3":{"name":"(anonymous_3)","decl":{"start":{"line":54,"column":12},"end":{"line":54,"column":13}},"loc":{"start":{"line":54,"column":18},"end":{"line":64,"column":3}},"line":54},"4":{"name":"(anonymous_4)","decl":{"start":{"line":55,"column":21},"end":{"line":55,"column":22}},"loc":{"start":{"line":55,"column":27},"end":{"line":61,"column":5}},"line":55},"5":{"name":"(anonymous_5)","decl":{"start":{"line":56,"column":32},"end":{"line":56,"column":33}},"loc":{"start":{"line":56,"column":48},"end":{"line":58,"column":7}},"line":56},"6":{"name":"(anonymous_6)","decl":{"start":{"line":66,"column":20},"end":{"line":66,"column":21}},"loc":{"start":{"line":66,"column":36},"end":{"line":74,"column":3}},"line":66},"7":{"name":"(anonymous_7)","decl":{"start":{"line":76,"column":20},"end":{"line":76,"column":21}},"loc":{"start":{"line":76,"column":28},"end":{"line":85,"column":3}},"line":76},"8":{"name":"(anonymous_8)","decl":{"start":{"line":77,"column":17},"end":{"line":77,"column":18}},"loc":{"start":{"line":77,"column":27},"end":{"line":81,"column":5}},"line":77},"9":{"name":"(anonymous_9)","decl":{"start":{"line":87,"column":20},"end":{"line":87,"column":21}},"loc":{"start":{"line":87,"column":28},"end":{"line":96,"column":3}},"line":87},"10":{"name":"(anonymous_10)","decl":{"start":{"line":88,"column":17},"end":{"line":88,"column":18}},"loc":{"start":{"line":88,"column":27},"end":{"line":92,"column":5}},"line":88},"11":{"name":"(anonymous_11)","decl":{"start":{"line":98,"column":24},"end":{"line":98,"column":25}},"loc":{"start":{"line":98,"column":32},"end":{"line":109,"column":3}},"line":98},"12":{"name":"(anonymous_12)","decl":{"start":{"line":100,"column":19},"end":{"line":100,"column":20}},"loc":{"start":{"line":100,"column":36},"end":{"line":104,"column":7}},"line":100},"13":{"name":"(anonymous_13)","decl":{"start":{"line":111,"column":22},"end":{"line":111,"column":23}},"loc":{"start":{"line":111,"column":34},"end":{"line":130,"column":3}},"line":111},"14":{"name":"(anonymous_14)","decl":{"start":{"line":139,"column":16},"end":{"line":139,"column":17}},"loc":{"start":{"line":140,"column":8},"end":{"line":160,"column":14}},"line":140},"15":{"name":"(anonymous_15)","decl":{"start":{"line":151,"column":31},"end":{"line":151,"column":32}},"loc":{"start":{"line":151,"column":37},"end":{"line":151,"column":59}},"line":151},"16":{"name":"(anonymous_16)","decl":{"start":{"line":153,"column":31},"end":{"line":153,"column":32}},"loc":{"start":{"line":153,"column":37},"end":{"line":153,"column":59}},"line":153},"17":{"name":"(anonymous_17)","decl":{"start":{"line":156,"column":45},"end":{"line":156,"column":46}},"loc":{"start":{"line":156,"column":51},"end":{"line":156,"column":77}},"line":156},"18":{"name":"(anonymous_18)","decl":{"start":{"line":167,"column":45},"end":{"line":167,"column":46}},"loc":{"start":{"line":167,"column":51},"end":{"line":167,"column":64}},"line":167},"19":{"name":"(anonymous_19)","decl":{"start":{"line":172,"column":19},"end":{"line":172,"column":20}},"loc":{"start":{"line":172,"column":26},"end":{"line":176,"column":11}},"line":172}},"branchMap":{"0":{"loc":{"start":{"line":46,"column":6},"end":{"line":50,"column":7}},"type":"if","locations":[{"start":{"line":46,"column":6},"end":{"line":50,"column":7}},{"start":{"line":48,"column":13},"end":{"line":50,"column":7}}],"line":46},"1":{"loc":{"start":{"line":46,"column":10},"end":{"line":46,"column":43}},"type":"binary-expr","locations":[{"start":{"line":46,"column":10},"end":{"line":46,"column":22}},{"start":{"line":46,"column":26},"end":{"line":46,"column":43}}],"line":46},"2":{"loc":{"start":{"line":78,"column":6},"end":{"line":80,"column":7}},"type":"if","locations":[{"start":{"line":78,"column":6},"end":{"line":80,"column":7}},{"start":{},"end":{}}],"line":78},"3":{"loc":{"start":{"line":89,"column":6},"end":{"line":91,"column":7}},"type":"if","locations":[{"start":{"line":89,"column":6},"end":{"line":91,"column":7}},{"start":{},"end":{}}],"line":89},"4":{"loc":{"start":{"line":90,"column":8},"end":{"line":90,"column":72}},"type":"cond-expr","locations":[{"start":{"line":90,"column":31},"end":{"line":90,"column":48}},{"start":{"line":90,"column":53},"end":{"line":90,"column":71}}],"line":90},"5":{"loc":{"start":{"line":99,"column":4},"end":{"line":108,"column":5}},"type":"if","locations":[{"start":{"line":99,"column":4},"end":{"line":108,"column":5}},{"start":{},"end":{}}],"line":99},"6":{"loc":{"start":{"line":101,"column":8},"end":{"line":103,"column":9}},"type":"if","locations":[{"start":{"line":101,"column":8},"end":{"line":103,"column":9}},{"start":{},"end":{}}],"line":101},"7":{"loc":{"start":{"line":127,"column":4},"end":{"line":129,"column":5}},"type":"if","locations":[{"start":{"line":127,"column":4},"end":{"line":129,"column":5}},{"start":{},"end":{}}],"line":127},"8":{"loc":{"start":{"line":132,"column":2},"end":{"line":135,"column":6}},"type":"if","locations":[{"start":{"line":132,"column":2},"end":{"line":135,"column":6}},{"start":{},"end":{}}],"line":132},"9":{"loc":{"start":{"line":178,"column":11},"end":{"line":178,"column":52}},"type":"cond-expr","locations":[{"start":{"line":178,"column":17},"end":{"line":178,"column":38}},{"start":{"line":178,"column":41},"end":{"line":178,"column":52}}],"line":178},"10":{"loc":{"start":{"line":181,"column":7},"end":{"line":212,"column":7}},"type":"cond-expr","locations":[{"start":{"line":182,"column":8},"end":{"line":209,"column":14}},{"start":{"line":211,"column":8},"end":{"line":211,"column":10}}],"line":181},"11":{"loc":{"start":{"line":181,"column":7},"end":{"line":181,"column":28}},"type":"binary-expr","locations":[{"start":{"line":181,"column":7},"end":{"line":181,"column":9}},{"start":{"line":181,"column":13},"end":{"line":181,"column":28}}],"line":181}},"s":{"0":0,"1":0,"2":0,"3":0,"4":0,"5":0,"6":0,"7":0,"8":0,"9":0,"10":0,"11":0,"12":0,"13":0,"14":0,"15":0,"16":0,"17":0,"18":0,"19":0,"20":0,"21":0,"22":0,"23":0,"24":0,"25":0,"26":0,"27":0,"28":0,"29":0,"30":0,"31":0,"32":0,"33":0,"34":0,"35":0,"36":0,"37":0,"38":0,"39":0,"40":0,"41":0,"42":0,"43":0,"44":0,"45":0,"46":0,"47":0,"48":0,"49":0,"50":0,"51":0,"52":0,"53":0,"54":0,"55":0,"56":0,"57":0,"58":0,"59":0,"60":0,"61":0,"62":0,"63":0,"64":0,"65":0,"66":0,"67":0,"68":0,"69":0},"f":{"0":0,"1":0,"2":0,"3":0,"4":0,"5":0,"6":0,"7":0,"8":0,"9":0,"10":0,"11":0,"12":0,"13":0,"14":0,"15":0,"16":0,"17":0,"18":0,"19":0},"b":{"0":[0,0],"1":[0,0],"2":[0,0],"3":[0,0],"4":[0,0],"5":[0,0],"6":[0,0],"7":[0,0],"8":[0,0],"9":[0,0],"10":[0,0],"11":[0,0]}}
,"C:\\Users\\Администратор\\Desktop\\book-store-master\\book-store-master\\client\\src\\components\\pages\\cart\\Map.js": {"path":"C:\\Users\\Администратор\\Desktop\\book-store-master\\book-store-master\\client\\src\\components\\pages\\cart\\Map.js","statementMap":{"0":{"start":{"line":5,"column":12},"end":{"line":15,"column":1}},"1":{"start":{"line":6,"column":19},"end":{"line":6,"column":41}},"2":{"start":{"line":7,"column":2},"end":{"line":14,"column":4}}},"fnMap":{"0":{"name":"(anonymous_0)","decl":{"start":{"line":5,"column":12},"end":{"line":5,"column":13}},"loc":{"start":{"line":5,"column":18},"end":{"line":15,"column":1}},"line":5}},"branchMap":{},"s":{"0":0,"1":0,"2":0},"f":{"0":0},"b":{}}
,"C:\\Users\\Администратор\\Desktop\\book-store-master\\book-store-master\\client\\src\\components\\pages\\cart\\PaypalButton.js": {"path":"C:\\Users\\Администратор\\Desktop\\book-store-master\\book-store-master\\client\\src\\components\\pages\\cart\\PaypalButton.js","statementMap":{},"fnMap":{},"branchMap":{},"s":{},"f":{},"b":{}}
,"C:\\Users\\Администратор\\Desktop\\book-store-master\\book-store-master\\client\\src\\components\\pages\\categories\\Categories.js": {"path":"C:\\Users\\Администратор\\Desktop\\book-store-master\\book-store-master\\client\\src\\components\\pages\\categories\\Categories.js","statementMap":{"0":{"start":{"line":6,"column":16},"end":{"line":6,"column":39}},"1":{"start":{"line":7,"column":23},"end":{"line":7,"column":53}},"2":{"start":{"line":8,"column":34},"end":{"line":8,"column":46}},"3":{"start":{"line":9,"column":18},"end":{"line":9,"column":29}},"4":{"start":{"line":10,"column":34},"end":{"line":10,"column":62}},"5":{"start":{"line":11,"column":30},"end":{"line":11,"column":45}},"6":{"start":{"line":12,"column":22},"end":{"line":12,"column":34}},"7":{"start":{"line":14,"column":25},"end":{"line":42,"column":3}},"8":{"start":{"line":15,"column":4},"end":{"line":15,"column":23}},"9":{"start":{"line":16,"column":4},"end":{"line":41,"column":5}},"10":{"start":{"line":17,"column":6},"end":{"line":35,"column":7}},"11":{"start":{"line":18,"column":20},"end":{"line":24,"column":9}},"12":{"start":{"line":25,"column":8},"end":{"line":25,"column":28}},"13":{"start":{"line":27,"column":20},"end":{"line":33,"column":9}},"14":{"start":{"line":34,"column":8},"end":{"line":34,"column":28}},"15":{"start":{"line":36,"column":6},"end":{"line":36,"column":23}},"16":{"start":{"line":37,"column":6},"end":{"line":37,"column":22}},"17":{"start":{"line":38,"column":6},"end":{"line":38,"column":29}},"18":{"start":{"line":40,"column":6},"end":{"line":40,"column":35}},"19":{"start":{"line":44,"column":23},"end":{"line":48,"column":3}},"20":{"start":{"line":45,"column":4},"end":{"line":45,"column":14}},"21":{"start":{"line":46,"column":4},"end":{"line":46,"column":22}},"22":{"start":{"line":47,"column":4},"end":{"line":47,"column":20}},"23":{"start":{"line":50,"column":25},"end":{"line":60,"column":3}},"24":{"start":{"line":51,"column":4},"end":{"line":59,"column":5}},"25":{"start":{"line":52,"column":18},"end":{"line":54,"column":8}},"26":{"start":{"line":55,"column":6},"end":{"line":55,"column":26}},"27":{"start":{"line":56,"column":6},"end":{"line":56,"column":29}},"28":{"start":{"line":58,"column":6},"end":{"line":58,"column":35}},"29":{"start":{"line":62,"column":2},"end":{"line":94,"column":4}},"30":{"start":{"line":72,"column":27},"end":{"line":72,"column":54}},"31":{"start":{"line":80,"column":10},"end":{"line":90,"column":16}},"32":{"start":{"line":83,"column":37},"end":{"line":83,"column":78}},"33":{"start":{"line":86,"column":37},"end":{"line":86,"column":65}}},"fnMap":{"0":{"name":"Categories","decl":{"start":{"line":5,"column":9},"end":{"line":5,"column":19}},"loc":{"start":{"line":5,"column":22},"end":{"line":95,"column":1}},"line":5},"1":{"name":"(anonymous_1)","decl":{"start":{"line":14,"column":25},"end":{"line":14,"column":26}},"loc":{"start":{"line":14,"column":38},"end":{"line":42,"column":3}},"line":14},"2":{"name":"(anonymous_2)","decl":{"start":{"line":44,"column":23},"end":{"line":44,"column":24}},"loc":{"start":{"line":44,"column":43},"end":{"line":48,"column":3}},"line":44},"3":{"name":"(anonymous_3)","decl":{"start":{"line":50,"column":25},"end":{"line":50,"column":26}},"loc":{"start":{"line":50,"column":39},"end":{"line":60,"column":3}},"line":50},"4":{"name":"(anonymous_4)","decl":{"start":{"line":72,"column":20},"end":{"line":72,"column":21}},"loc":{"start":{"line":72,"column":27},"end":{"line":72,"column":54}},"line":72},"5":{"name":"(anonymous_5)","decl":{"start":{"line":79,"column":24},"end":{"line":79,"column":25}},"loc":{"start":{"line":80,"column":10},"end":{"line":90,"column":16}},"line":80},"6":{"name":"(anonymous_6)","decl":{"start":{"line":83,"column":31},"end":{"line":83,"column":32}},"loc":{"start":{"line":83,"column":37},"end":{"line":83,"column":78}},"line":83},"7":{"name":"(anonymous_7)","decl":{"start":{"line":86,"column":31},"end":{"line":86,"column":32}},"loc":{"start":{"line":86,"column":37},"end":{"line":86,"column":65}},"line":86}},"branchMap":{"0":{"loc":{"start":{"line":17,"column":6},"end":{"line":35,"column":7}},"type":"if","locations":[{"start":{"line":17,"column":6},"end":{"line":35,"column":7}},{"start":{"line":26,"column":13},"end":{"line":35,"column":7}}],"line":17},"1":{"loc":{"start":{"line":75,"column":31},"end":{"line":75,"column":62}},"type":"cond-expr","locations":[{"start":{"line":75,"column":40},"end":{"line":75,"column":50}},{"start":{"line":75,"column":53},"end":{"line":75,"column":62}}],"line":75}},"s":{"0":8,"1":8,"2":8,"3":8,"4":8,"5":8,"6":8,"7":8,"8":2,"9":2,"10":2,"11":1,"12":1,"13":1,"14":1,"15":2,"16":2,"17":2,"18":0,"19":8,"20":1,"21":1,"22":1,"23":8,"24":1,"25":1,"26":1,"27":1,"28":0,"29":8,"30":2,"31":16,"32":1,"33":1},"f":{"0":8,"1":2,"2":1,"3":1,"4":2,"5":16,"6":1,"7":1},"b":{"0":[1,1],"1":[2,6]},"_coverageSchema":"1a1c01bbd47fc00a2c39e90264f33305004495a9","hash":"b48a003a89b4c84ef67e6304be05f77243ba4cc4"}
,"C:\\Users\\Администратор\\Desktop\\book-store-master\\book-store-master\\client\\src\\components\\pages\\createProduct\\CreateProduct.js": {"path":"C:\\Users\\Администратор\\Desktop\\book-store-master\\book-store-master\\client\\src\\components\\pages\\createProduct\\CreateProduct.js","statementMap":{"0":{"start":{"line":7,"column":21},"end":{"line":18,"column":1}},"1":{"start":{"line":21,"column":16},"end":{"line":21,"column":39}},"2":{"start":{"line":22,"column":32},"end":{"line":22,"column":54}},"3":{"start":{"line":23,"column":23},"end":{"line":23,"column":53}},"4":{"start":{"line":24,"column":30},"end":{"line":24,"column":45}},"5":{"start":{"line":25,"column":32},"end":{"line":25,"column":47}},"6":{"start":{"line":27,"column":20},"end":{"line":27,"column":41}},"7":{"start":{"line":28,"column":18},"end":{"line":28,"column":29}},"8":{"start":{"line":30,"column":19},"end":{"line":30,"column":32}},"9":{"start":{"line":31,"column":16},"end":{"line":31,"column":27}},"10":{"start":{"line":33,"column":21},"end":{"line":33,"column":47}},"11":{"start":{"line":34,"column":30},"end":{"line":34,"column":45}},"12":{"start":{"line":35,"column":34},"end":{"line":35,"column":60}},"13":{"start":{"line":37,"column":2},"end":{"line":52,"column":27}},"14":{"start":{"line":39,"column":4},"end":{"line":51,"column":5}},"15":{"start":{"line":40,"column":6},"end":{"line":40,"column":22}},"16":{"start":{"line":41,"column":6},"end":{"line":46,"column":9}},"17":{"start":{"line":42,"column":8},"end":{"line":45,"column":9}},"18":{"start":{"line":43,"column":10},"end":{"line":43,"column":30}},"19":{"start":{"line":44,"column":10},"end":{"line":44,"column":36}},"20":{"start":{"line":48,"column":6},"end":{"line":48,"column":23}},"21":{"start":{"line":49,"column":6},"end":{"line":49,"column":31}},"22":{"start":{"line":50,"column":6},"end":{"line":50,"column":23}},"23":{"start":{"line":54,"column":23},"end":{"line":85,"column":3}},"24":{"start":{"line":55,"column":4},"end":{"line":55,"column":23}},"25":{"start":{"line":56,"column":4},"end":{"line":84,"column":5}},"26":{"start":{"line":57,"column":6},"end":{"line":57,"column":48}},"27":{"start":{"line":57,"column":20},"end":{"line":57,"column":48}},"28":{"start":{"line":58,"column":19},"end":{"line":58,"column":36}},"29":{"start":{"line":60,"column":6},"end":{"line":60,"column":53}},"30":{"start":{"line":60,"column":17},"end":{"line":60,"column":53}},"31":{"start":{"line":62,"column":6},"end":{"line":64,"column":48}},"32":{"start":{"line":64,"column":8},"end":{"line":64,"column":48}},"33":{"start":{"line":66,"column":6},"end":{"line":68,"column":55}},"34":{"start":{"line":68,"column":8},"end":{"line":68,"column":55}},"35":{"start":{"line":70,"column":21},"end":{"line":70,"column":35}},"36":{"start":{"line":71,"column":6},"end":{"line":71,"column":36}},"37":{"start":{"line":73,"column":6},"end":{"line":73,"column":23}},"38":{"start":{"line":74,"column":18},"end":{"line":79,"column":8}},"39":{"start":{"line":80,"column":6},"end":{"line":80,"column":24}},"40":{"start":{"line":81,"column":6},"end":{"line":81,"column":26}},"41":{"start":{"line":83,"column":6},"end":{"line":83,"column":35}},"42":{"start":{"line":87,"column":24},"end":{"line":103,"column":3}},"43":{"start":{"line":88,"column":4},"end":{"line":102,"column":5}},"44":{"start":{"line":89,"column":6},"end":{"line":89,"column":48}},"45":{"start":{"line":89,"column":20},"end":{"line":89,"column":48}},"46":{"start":{"line":90,"column":6},"end":{"line":90,"column":23}},"47":{"start":{"line":91,"column":6},"end":{"line":97,"column":8}},"48":{"start":{"line":98,"column":6},"end":{"line":98,"column":24}},"49":{"start":{"line":99,"column":6},"end":{"line":99,"column":23}},"50":{"start":{"line":101,"column":6},"end":{"line":101,"column":35}},"51":{"start":{"line":105,"column":28},"end":{"line":108,"column":3}},"52":{"start":{"line":106,"column":28},"end":{"line":106,"column":36}},"53":{"start":{"line":107,"column":4},"end":{"line":107,"column":46}},"54":{"start":{"line":110,"column":23},"end":{"line":138,"column":3}},"55":{"start":{"line":111,"column":4},"end":{"line":111,"column":23}},"56":{"start":{"line":112,"column":4},"end":{"line":137,"column":5}},"57":{"start":{"line":113,"column":6},"end":{"line":113,"column":48}},"58":{"start":{"line":113,"column":20},"end":{"line":113,"column":48}},"59":{"start":{"line":114,"column":6},"end":{"line":114,"column":63}},"60":{"start":{"line":114,"column":19},"end":{"line":114,"column":63}},"61":{"start":{"line":116,"column":6},"end":{"line":132,"column":7}},"62":{"start":{"line":117,"column":8},"end":{"line":123,"column":10}},"63":{"start":{"line":125,"column":8},"end":{"line":131,"column":10}},"64":{"start":{"line":133,"column":6},"end":{"line":133,"column":29}},"65":{"start":{"line":134,"column":6},"end":{"line":134,"column":20}},"66":{"start":{"line":136,"column":6},"end":{"line":136,"column":35}},"67":{"start":{"line":140,"column":22},"end":{"line":142,"column":3}},"68":{"start":{"line":143,"column":2},"end":{"line":261,"column":4}},"69":{"start":{"line":241,"column":14},"end":{"line":243,"column":23}}},"fnMap":{"0":{"name":"CreateProduct","decl":{"start":{"line":20,"column":9},"end":{"line":20,"column":22}},"loc":{"start":{"line":20,"column":25},"end":{"line":262,"column":1}},"line":20},"1":{"name":"(anonymous_1)","decl":{"start":{"line":37,"column":12},"end":{"line":37,"column":13}},"loc":{"start":{"line":37,"column":18},"end":{"line":52,"column":3}},"line":37},"2":{"name":"(anonymous_2)","decl":{"start":{"line":41,"column":23},"end":{"line":41,"column":24}},"loc":{"start":{"line":41,"column":36},"end":{"line":46,"column":7}},"line":41},"3":{"name":"(anonymous_3)","decl":{"start":{"line":54,"column":23},"end":{"line":54,"column":24}},"loc":{"start":{"line":54,"column":36},"end":{"line":85,"column":3}},"line":54},"4":{"name":"(anonymous_4)","decl":{"start":{"line":87,"column":24},"end":{"line":87,"column":25}},"loc":{"start":{"line":87,"column":36},"end":{"line":103,"column":3}},"line":87},"5":{"name":"(anonymous_5)","decl":{"start":{"line":105,"column":28},"end":{"line":105,"column":29}},"loc":{"start":{"line":105,"column":35},"end":{"line":108,"column":3}},"line":105},"6":{"name":"(anonymous_6)","decl":{"start":{"line":110,"column":23},"end":{"line":110,"column":24}},"loc":{"start":{"line":110,"column":36},"end":{"line":138,"column":3}},"line":110},"7":{"name":"(anonymous_7)","decl":{"start":{"line":240,"column":28},"end":{"line":240,"column":29}},"loc":{"start":{"line":241,"column":14},"end":{"line":243,"column":23}},"line":241}},"branchMap":{"0":{"loc":{"start":{"line":39,"column":4},"end":{"line":51,"column":5}},"type":"if","locations":[{"start":{"line":39,"column":4},"end":{"line":51,"column":5}},{"start":{"line":47,"column":11},"end":{"line":51,"column":5}}],"line":39},"1":{"loc":{"start":{"line":42,"column":8},"end":{"line":45,"column":9}},"type":"if","locations":[{"start":{"line":42,"column":8},"end":{"line":45,"column":9}},{"start":{},"end":{}}],"line":42},"2":{"loc":{"start":{"line":57,"column":6},"end":{"line":57,"column":48}},"type":"if","locations":[{"start":{"line":57,"column":6},"end":{"line":57,"column":48}},{"start":{},"end":{}}],"line":57},"3":{"loc":{"start":{"line":60,"column":6},"end":{"line":60,"column":53}},"type":"if","locations":[{"start":{"line":60,"column":6},"end":{"line":60,"column":53}},{"start":{},"end":{}}],"line":60},"4":{"loc":{"start":{"line":62,"column":6},"end":{"line":64,"column":48}},"type":"if","locations":[{"start":{"line":62,"column":6},"end":{"line":64,"column":48}},{"start":{},"end":{}}],"line":62},"5":{"loc":{"start":{"line":66,"column":6},"end":{"line":68,"column":55}},"type":"if","locations":[{"start":{"line":66,"column":6},"end":{"line":68,"column":55}},{"start":{},"end":{}}],"line":66},"6":{"loc":{"start":{"line":66,"column":10},"end":{"line":66,"column":65}},"type":"binary-expr","locations":[{"start":{"line":66,"column":10},"end":{"line":66,"column":36}},{"start":{"line":66,"column":40},"end":{"line":66,"column":65}}],"line":66},"7":{"loc":{"start":{"line":89,"column":6},"end":{"line":89,"column":48}},"type":"if","locations":[{"start":{"line":89,"column":6},"end":{"line":89,"column":48}},{"start":{},"end":{}}],"line":89},"8":{"loc":{"start":{"line":113,"column":6},"end":{"line":113,"column":48}},"type":"if","locations":[{"start":{"line":113,"column":6},"end":{"line":113,"column":48}},{"start":{},"end":{}}],"line":113},"9":{"loc":{"start":{"line":114,"column":6},"end":{"line":114,"column":63}},"type":"if","locations":[{"start":{"line":114,"column":6},"end":{"line":114,"column":63}},{"start":{},"end":{}}],"line":114},"10":{"loc":{"start":{"line":116,"column":6},"end":{"line":132,"column":7}},"type":"if","locations":[{"start":{"line":116,"column":6},"end":{"line":132,"column":7}},{"start":{"line":124,"column":13},"end":{"line":132,"column":7}}],"line":116},"11":{"loc":{"start":{"line":141,"column":13},"end":{"line":141,"column":38}},"type":"cond-expr","locations":[{"start":{"line":141,"column":22},"end":{"line":141,"column":29}},{"start":{"line":141,"column":32},"end":{"line":141,"column":38}}],"line":141},"12":{"loc":{"start":{"line":153,"column":9},"end":{"line":162,"column":9}},"type":"cond-expr","locations":[{"start":{"line":154,"column":10},"end":{"line":156,"column":16}},{"start":{"line":158,"column":10},"end":{"line":161,"column":16}}],"line":153},"13":{"loc":{"start":{"line":159,"column":22},"end":{"line":159,"column":46}},"type":"cond-expr","locations":[{"start":{"line":159,"column":31},"end":{"line":159,"column":41}},{"start":{"line":159,"column":44},"end":{"line":159,"column":46}}],"line":159},"14":{"loc":{"start":{"line":258,"column":31},"end":{"line":258,"column":62}},"type":"cond-expr","locations":[{"start":{"line":258,"column":40},"end":{"line":258,"column":50}},{"start":{"line":258,"column":53},"end":{"line":258,"column":62}}],"line":258}},"s":{"0":1,"1":62,"2":62,"3":62,"4":62,"5":62,"6":62,"7":62,"8":62,"9":62,"10":62,"11":62,"12":62,"13":62,"14":3,"15":0,"16":0,"17":0,"18":0,"19":0,"20":3,"21":3,"22":3,"23":62,"24":0,"25":0,"26":0,"27":0,"28":0,"29":0,"30":0,"31":0,"32":0,"33":0,"34":0,"35":0,"36":0,"37":0,"38":0,"39":0,"40":0,"41":0,"42":62,"43":0,"44":0,"45":0,"46":0,"47":0,"48":0,"49":0,"50":0,"51":62,"52":58,"53":58,"54":62,"55":0,"56":0,"57":0,"58":0,"59":0,"60":0,"61":0,"62":0,"63":0,"64":0,"65":0,"66":0,"67":62,"68":62,"69":124},"f":{"0":62,"1":3,"2":0,"3":0,"4":0,"5":58,"6":0,"7":124},"b":{"0":[0,3],"1":[0,0],"2":[0,0],"3":[0,0],"4":[0,0],"5":[0,0],"6":[0,0],"7":[0,0],"8":[0,0],"9":[0,0],"10":[0,0],"11":[0,62],"12":[0,62],"13":[0,62],"14":[0,62]},"_coverageSchema":"1a1c01bbd47fc00a2c39e90264f33305004495a9","hash":"8bc72bb9d042ad86bbb6b910d72eb3d6396e4d19"}
,"C:\\Users\\Администратор\\Desktop\\book-store-master\\book-store-master\\client\\src\\components\\pages\\detailProduct\\DetailProduct.js": {"path":"C:\\Users\\Администратор\\Desktop\\book-store-master\\book-store-master\\client\\src\\components\\pages\\detailProduct\\DetailProduct.js","statementMap":{"0":{"start":{"line":7,"column":17},"end":{"line":7,"column":28}},"1":{"start":{"line":8,"column":16},"end":{"line":8,"column":39}},"2":{"start":{"line":9,"column":21},"end":{"line":9,"column":47}},"3":{"start":{"line":10,"column":18},"end":{"line":10,"column":39}},"4":{"start":{"line":11,"column":44},"end":{"line":11,"column":56}},"5":{"start":{"line":13,"column":2},"end":{"line":19,"column":28}},"6":{"start":{"line":14,"column":4},"end":{"line":18,"column":5}},"7":{"start":{"line":15,"column":6},"end":{"line":17,"column":9}},"8":{"start":{"line":16,"column":8},"end":{"line":16,"column":65}},"9":{"start":{"line":16,"column":39},"end":{"line":16,"column":65}},"10":{"start":{"line":21,"column":2},"end":{"line":21,"column":63}},"11":{"start":{"line":21,"column":34},"end":{"line":21,"column":63}},"12":{"start":{"line":23,"column":2},"end":{"line":58,"column":4}},"13":{"start":{"line":40,"column":29},"end":{"line":40,"column":51}},"14":{"start":{"line":51,"column":12},"end":{"line":53,"column":21}}},"fnMap":{"0":{"name":"DetailProduct","decl":{"start":{"line":6,"column":9},"end":{"line":6,"column":22}},"loc":{"start":{"line":6,"column":25},"end":{"line":59,"column":1}},"line":6},"1":{"name":"(anonymous_1)","decl":{"start":{"line":13,"column":12},"end":{"line":13,"column":13}},"loc":{"start":{"line":13,"column":18},"end":{"line":19,"column":3}},"line":13},"2":{"name":"(anonymous_2)","decl":{"start":{"line":15,"column":23},"end":{"line":15,"column":24}},"loc":{"start":{"line":15,"column":36},"end":{"line":17,"column":7}},"line":15},"3":{"name":"(anonymous_3)","decl":{"start":{"line":40,"column":23},"end":{"line":40,"column":24}},"loc":{"start":{"line":40,"column":29},"end":{"line":40,"column":51}},"line":40},"4":{"name":"(anonymous_4)","decl":{"start":{"line":50,"column":24},"end":{"line":50,"column":25}},"loc":{"start":{"line":50,"column":37},"end":{"line":54,"column":11}},"line":50}},"branchMap":{"0":{"loc":{"start":{"line":14,"column":4},"end":{"line":18,"column":5}},"type":"if","locations":[{"start":{"line":14,"column":4},"end":{"line":18,"column":5}},{"start":{},"end":{}}],"line":14},"1":{"loc":{"start":{"line":16,"column":8},"end":{"line":16,"column":65}},"type":"if","locations":[{"start":{"line":16,"column":8},"end":{"line":16,"column":65}},{"start":{},"end":{}}],"line":16},"2":{"loc":{"start":{"line":21,"column":2},"end":{"line":21,"column":63}},"type":"if","locations":[{"start":{"line":21,"column":2},"end":{"line":21,"column":63}},{"start":{},"end":{}}],"line":21},"3":{"loc":{"start":{"line":36,"column":11},"end":{"line":44,"column":18}},"type":"cond-expr","locations":[{"start":{"line":37,"column":12},"end":{"line":43,"column":19}},{"start":{"line":44,"column":14},"end":{"line":44,"column":18}}],"line":36},"4":{"loc":{"start":{"line":51,"column":19},"end":{"line":53,"column":20}},"type":"cond-expr","locations":[{"start":{"line":52,"column":14},"end":{"line":52,"column":65}},{"start":{"line":53,"column":16},"end":{"line":53,"column":20}}],"line":51}},"s":{"0":1,"1":1,"2":1,"3":1,"4":1,"5":1,"6":1,"7":0,"8":0,"9":0,"10":1,"11":1,"12":0,"13":0,"14":0},"f":{"0":1,"1":1,"2":0,"3":0,"4":0},"b":{"0":[0,1],"1":[0,0],"2":[1,0],"3":[0,0],"4":[0,0]},"_coverageSchema":"1a1c01bbd47fc00a2c39e90264f33305004495a9","hash":"417198dd2aea33aee85b8265ee59c6fcf06793ab"}
,"C:\\Users\\Администратор\\Desktop\\book-store-master\\book-store-master\\client\\src\\components\\pages\\history\\OrderDetails.js": {"path":"C:\\Users\\Администратор\\Desktop\\book-store-master\\book-store-master\\client\\src\\components\\pages\\history\\OrderDetails.js","statementMap":{"0":{"start":{"line":7,"column":16},"end":{"line":7,"column":39}},"1":{"start":{"line":8,"column":20},"end":{"line":8,"column":41}},"2":{"start":{"line":9,"column":42},"end":{"line":9,"column":54}},"3":{"start":{"line":10,"column":21},"end":{"line":10,"column":43}},"4":{"start":{"line":11,"column":36},"end":{"line":11,"column":48}},"5":{"start":{"line":12,"column":44},"end":{"line":12,"column":56}},"6":{"start":{"line":13,"column":17},"end":{"line":13,"column":28}},"7":{"start":{"line":16,"column":4},"end":{"line":20,"column":5}},"8":{"start":{"line":17,"column":1},"end":{"line":17,"column":34}},"9":{"start":{"line":19,"column":6},"end":{"line":19,"column":27}},"10":{"start":{"line":23,"column":2},"end":{"line":29,"column":27}},"11":{"start":{"line":24,"column":4},"end":{"line":28,"column":5}},"12":{"start":{"line":25,"column":6},"end":{"line":27,"column":9}},"13":{"start":{"line":26,"column":8},"end":{"line":26,"column":58}},"14":{"start":{"line":26,"column":36},"end":{"line":26,"column":58}},"15":{"start":{"line":31,"column":2},"end":{"line":31,"column":64}},"16":{"start":{"line":31,"column":33},"end":{"line":31,"column":64}},"17":{"start":{"line":33,"column":2},"end":{"line":105,"column":4}},"18":{"start":{"line":73,"column":12},"end":{"line":91,"column":17}},"19":{"start":{"line":81,"column":20},"end":{"line":81,"column":43}},"20":{"start":{"line":82,"column":20},"end":{"line":82,"column":44}}},"fnMap":{"0":{"name":"OrderDetails","decl":{"start":{"line":6,"column":9},"end":{"line":6,"column":21}},"loc":{"start":{"line":6,"column":24},"end":{"line":106,"column":1}},"line":6},"1":{"name":"handleCheckboxChange","decl":{"start":{"line":15,"column":11},"end":{"line":15,"column":31}},"loc":{"start":{"line":15,"column":35},"end":{"line":22,"column":3}},"line":15},"2":{"name":"(anonymous_2)","decl":{"start":{"line":23,"column":12},"end":{"line":23,"column":13}},"loc":{"start":{"line":23,"column":18},"end":{"line":29,"column":3}},"line":23},"3":{"name":"(anonymous_3)","decl":{"start":{"line":25,"column":22},"end":{"line":25,"column":23}},"loc":{"start":{"line":25,"column":32},"end":{"line":27,"column":7}},"line":25},"4":{"name":"(anonymous_4)","decl":{"start":{"line":72,"column":33},"end":{"line":72,"column":34}},"loc":{"start":{"line":73,"column":12},"end":{"line":91,"column":17}},"line":73},"5":{"name":"(anonymous_5)","decl":{"start":{"line":80,"column":28},"end":{"line":80,"column":29}},"loc":{"start":{"line":80,"column":35},"end":{"line":83,"column":19}},"line":80}},"branchMap":{"0":{"loc":{"start":{"line":16,"column":4},"end":{"line":20,"column":5}},"type":"if","locations":[{"start":{"line":16,"column":4},"end":{"line":20,"column":5}},{"start":{"line":18,"column":11},"end":{"line":20,"column":5}}],"line":16},"1":{"loc":{"start":{"line":24,"column":4},"end":{"line":28,"column":5}},"type":"if","locations":[{"start":{"line":24,"column":4},"end":{"line":28,"column":5}},{"start":{},"end":{}}],"line":24},"2":{"loc":{"start":{"line":26,"column":8},"end":{"line":26,"column":58}},"type":"if","locations":[{"start":{"line":26,"column":8},"end":{"line":26,"column":58}},{"start":{},"end":{}}],"line":26},"3":{"loc":{"start":{"line":31,"column":2},"end":{"line":31,"column":64}},"type":"if","locations":[{"start":{"line":31,"column":2},"end":{"line":31,"column":64}},{"start":{},"end":{}}],"line":31},"4":{"loc":{"start":{"line":49,"column":15},"end":{"line":51,"column":26}},"type":"cond-expr","locations":[{"start":{"line":50,"column":18},"end":{"line":50,"column":50}},{"start":{"line":51,"column":18},"end":{"line":51,"column":26}}],"line":49},"5":{"loc":{"start":{"line":54,"column":15},"end":{"line":56,"column":24}},"type":"cond-expr","locations":[{"start":{"line":55,"column":18},"end":{"line":55,"column":51}},{"start":{"line":56,"column":18},"end":{"line":56,"column":24}}],"line":54},"6":{"loc":{"start":{"line":95,"column":7},"end":{"line":103,"column":7}},"type":"cond-expr","locations":[{"start":{"line":96,"column":8},"end":{"line":100,"column":10}},{"start":{"line":102,"column":8},"end":{"line":102,"column":10}}],"line":95},"7":{"loc":{"start":{"line":95,"column":7},"end":{"line":95,"column":45}},"type":"binary-expr","locations":[{"start":{"line":95,"column":7},"end":{"line":95,"column":15}},{"start":{"line":95,"column":19},"end":{"line":95,"column":28}},{"start":{"line":95,"column":32},"end":{"line":95,"column":45}}],"line":95}},"s":{"0":1,"1":1,"2":1,"3":1,"4":1,"5":1,"6":1,"7":0,"8":0,"9":0,"10":1,"11":1,"12":0,"13":0,"14":0,"15":1,"16":1,"17":0,"18":0,"19":0,"20":0},"f":{"0":1,"1":0,"2":1,"3":0,"4":0,"5":0},"b":{"0":[0,0],"1":[0,1],"2":[0,0],"3":[1,0],"4":[0,0],"5":[0,0],"6":[0,0],"7":[0,0,0]},"_coverageSchema":"1a1c01bbd47fc00a2c39e90264f33305004495a9","hash":"45ff202dbdd7bd117bb51eae445c766593b03872"}
,"C:\\Users\\Администратор\\Desktop\\book-store-master\\book-store-master\\client\\src\\components\\pages\\history\\OrderHistory.js": {"path":"C:\\Users\\Администратор\\Desktop\\book-store-master\\book-store-master\\client\\src\\components\\pages\\history\\OrderHistory.js","statementMap":{"0":{"start":{"line":7,"column":16},"end":{"line":7,"column":39}},"1":{"start":{"line":8,"column":32},"end":{"line":8,"column":53}},"2":{"start":{"line":9,"column":17},"end":{"line":9,"column":35}},"3":{"start":{"line":10,"column":20},"end":{"line":10,"column":41}},"4":{"start":{"line":11,"column":18},"end":{"line":11,"column":29}},"5":{"start":{"line":13,"column":36},"end":{"line":13,"column":48}},"6":{"start":{"line":14,"column":32},"end":{"line":14,"column":44}},"7":{"start":{"line":15,"column":34},"end":{"line":15,"column":46}},"8":{"start":{"line":16,"column":50},"end":{"line":16,"column":62}},"9":{"start":{"line":17,"column":40},"end":{"line":17,"column":50}},"10":{"start":{"line":19,"column":21},"end":{"line":50,"column":64}},"11":{"start":{"line":20,"column":14},"end":{"line":20,"column":16}},"12":{"start":{"line":21,"column":4},"end":{"line":25,"column":5}},"13":{"start":{"line":22,"column":6},"end":{"line":22,"column":27}},"14":{"start":{"line":24,"column":6},"end":{"line":24,"column":28}},"15":{"start":{"line":26,"column":19},"end":{"line":26,"column":21}},"16":{"start":{"line":27,"column":4},"end":{"line":34,"column":5}},"17":{"start":{"line":28,"column":20},"end":{"line":28,"column":39}},"18":{"start":{"line":29,"column":18},"end":{"line":29,"column":35}},"19":{"start":{"line":31,"column":6},"end":{"line":31,"column":37}},"20":{"start":{"line":32,"column":6},"end":{"line":32,"column":45}},"21":{"start":{"line":33,"column":6},"end":{"line":33,"column":41}},"22":{"start":{"line":35,"column":4},"end":{"line":37,"column":5}},"23":{"start":{"line":36,"column":6},"end":{"line":36,"column":33}},"24":{"start":{"line":38,"column":16},"end":{"line":41,"column":6}},"25":{"start":{"line":42,"column":4},"end":{"line":49,"column":5}},"26":{"start":{"line":43,"column":6},"end":{"line":45,"column":8}},"27":{"start":{"line":44,"column":35},"end":{"line":44,"column":69}},"28":{"start":{"line":46,"column":6},"end":{"line":46,"column":37}},"29":{"start":{"line":48,"column":6},"end":{"line":48,"column":48}},"30":{"start":{"line":52,"column":2},"end":{"line":56,"column":26}},"31":{"start":{"line":53,"column":4},"end":{"line":55,"column":5}},"32":{"start":{"line":54,"column":6},"end":{"line":54,"column":19}},"33":{"start":{"line":58,"column":2},"end":{"line":60,"column":16}},"34":{"start":{"line":59,"column":4},"end":{"line":59,"column":35}},"35":{"start":{"line":61,"column":23},"end":{"line":70,"column":3}},"36":{"start":{"line":62,"column":24},"end":{"line":62,"column":70}},"37":{"start":{"line":62,"column":58},"end":{"line":62,"column":69}},"38":{"start":{"line":63,"column":16},"end":{"line":66,"column":6}},"39":{"start":{"line":67,"column":4},"end":{"line":67,"column":28}},"40":{"start":{"line":68,"column":4},"end":{"line":68,"column":28}},"41":{"start":{"line":69,"column":4},"end":{"line":69,"column":17}},"42":{"start":{"line":72,"column":23},"end":{"line":81,"column":3}},"43":{"start":{"line":73,"column":22},"end":{"line":73,"column":38}},"44":{"start":{"line":74,"column":22},"end":{"line":74,"column":31}},"45":{"start":{"line":75,"column":16},"end":{"line":79,"column":5}},"46":{"start":{"line":80,"column":6},"end":{"line":80,"column":19}},"47":{"start":{"line":83,"column":29},"end":{"line":89,"column":3}},"48":{"start":{"line":84,"column":4},"end":{"line":88,"column":5}},"49":{"start":{"line":85,"column":6},"end":{"line":85,"column":18}},"50":{"start":{"line":87,"column":6},"end":{"line":87,"column":26}},"51":{"start":{"line":91,"column":2},"end":{"line":192,"column":4}},"52":{"start":{"line":103,"column":31},"end":{"line":103,"column":59}},"53":{"start":{"line":113,"column":31},"end":{"line":113,"column":57}},"54":{"start":{"line":123,"column":31},"end":{"line":123,"column":58}},"55":{"start":{"line":153,"column":14},"end":{"line":187,"column":19}},"56":{"start":{"line":164,"column":24},"end":{"line":164,"column":47}},"57":{"start":{"line":172,"column":31},"end":{"line":172,"column":50}},"58":{"start":{"line":175,"column":24},"end":{"line":181,"column":25}},"59":{"start":{"line":176,"column":26},"end":{"line":176,"column":76}},"60":{"start":{"line":178,"column":26},"end":{"line":180,"column":28}},"61":{"start":{"line":179,"column":59},"end":{"line":179,"column":78}}},"fnMap":{"0":{"name":"OrderHistory","decl":{"start":{"line":6,"column":9},"end":{"line":6,"column":21}},"loc":{"start":{"line":6,"column":24},"end":{"line":193,"column":1}},"line":6},"1":{"name":"(anonymous_1)","decl":{"start":{"line":19,"column":33},"end":{"line":19,"column":34}},"loc":{"start":{"line":19,"column":45},"end":{"line":50,"column":3}},"line":19},"2":{"name":"(anonymous_2)","decl":{"start":{"line":44,"column":24},"end":{"line":44,"column":25}},"loc":{"start":{"line":44,"column":35},"end":{"line":44,"column":69}},"line":44},"3":{"name":"(anonymous_3)","decl":{"start":{"line":52,"column":12},"end":{"line":52,"column":13}},"loc":{"start":{"line":52,"column":18},"end":{"line":56,"column":3}},"line":52},"4":{"name":"(anonymous_4)","decl":{"start":{"line":58,"column":12},"end":{"line":58,"column":13}},"loc":{"start":{"line":58,"column":18},"end":{"line":60,"column":3}},"line":58},"5":{"name":"(anonymous_5)","decl":{"start":{"line":61,"column":23},"end":{"line":61,"column":24}},"loc":{"start":{"line":61,"column":35},"end":{"line":70,"column":3}},"line":61},"6":{"name":"(anonymous_6)","decl":{"start":{"line":62,"column":45},"end":{"line":62,"column":46}},"loc":{"start":{"line":62,"column":58},"end":{"line":62,"column":69}},"line":62},"7":{"name":"(anonymous_7)","decl":{"start":{"line":72,"column":23},"end":{"line":72,"column":24}},"loc":{"start":{"line":72,"column":43},"end":{"line":81,"column":3}},"line":72},"8":{"name":"(anonymous_8)","decl":{"start":{"line":83,"column":29},"end":{"line":83,"column":30}},"loc":{"start":{"line":83,"column":49},"end":{"line":89,"column":3}},"line":83},"9":{"name":"(anonymous_9)","decl":{"start":{"line":103,"column":24},"end":{"line":103,"column":25}},"loc":{"start":{"line":103,"column":31},"end":{"line":103,"column":59}},"line":103},"10":{"name":"(anonymous_10)","decl":{"start":{"line":113,"column":24},"end":{"line":113,"column":25}},"loc":{"start":{"line":113,"column":31},"end":{"line":113,"column":57}},"line":113},"11":{"name":"(anonymous_11)","decl":{"start":{"line":123,"column":24},"end":{"line":123,"column":25}},"loc":{"start":{"line":123,"column":31},"end":{"line":123,"column":58}},"line":123},"12":{"name":"(anonymous_12)","decl":{"start":{"line":152,"column":24},"end":{"line":152,"column":25}},"loc":{"start":{"line":153,"column":14},"end":{"line":187,"column":19}},"line":153},"13":{"name":"(anonymous_13)","decl":{"start":{"line":163,"column":32},"end":{"line":163,"column":33}},"loc":{"start":{"line":163,"column":39},"end":{"line":165,"column":23}},"line":163},"14":{"name":"(anonymous_14)","decl":{"start":{"line":172,"column":24},"end":{"line":172,"column":25}},"loc":{"start":{"line":172,"column":31},"end":{"line":172,"column":50}},"line":172},"15":{"name":"(anonymous_15)","decl":{"start":{"line":174,"column":32},"end":{"line":174,"column":33}},"loc":{"start":{"line":174,"column":39},"end":{"line":182,"column":23}},"line":174},"16":{"name":"(anonymous_16)","decl":{"start":{"line":179,"column":52},"end":{"line":179,"column":53}},"loc":{"start":{"line":179,"column":59},"end":{"line":179,"column":78}},"line":179}},"branchMap":{"0":{"loc":{"start":{"line":21,"column":4},"end":{"line":25,"column":5}},"type":"if","locations":[{"start":{"line":21,"column":4},"end":{"line":25,"column":5}},{"start":{"line":23,"column":11},"end":{"line":25,"column":5}}],"line":21},"1":{"loc":{"start":{"line":27,"column":4},"end":{"line":34,"column":5}},"type":"if","locations":[{"start":{"line":27,"column":4},"end":{"line":34,"column":5}},{"start":{},"end":{}}],"line":27},"2":{"loc":{"start":{"line":27,"column":8},"end":{"line":27,"column":28}},"type":"binary-expr","locations":[{"start":{"line":27,"column":8},"end":{"line":27,"column":17}},{"start":{"line":27,"column":21},"end":{"line":27,"column":28}}],"line":27},"3":{"loc":{"start":{"line":35,"column":4},"end":{"line":37,"column":5}},"type":"if","locations":[{"start":{"line":35,"column":4},"end":{"line":37,"column":5}},{"start":{},"end":{}}],"line":35},"4":{"loc":{"start":{"line":42,"column":4},"end":{"line":49,"column":5}},"type":"if","locations":[{"start":{"line":42,"column":4},"end":{"line":49,"column":5}},{"start":{"line":47,"column":11},"end":{"line":49,"column":5}}],"line":42},"5":{"loc":{"start":{"line":53,"column":4},"end":{"line":55,"column":5}},"type":"if","locations":[{"start":{"line":53,"column":4},"end":{"line":55,"column":5}},{"start":{},"end":{}}],"line":53},"6":{"loc":{"start":{"line":84,"column":4},"end":{"line":88,"column":5}},"type":"if","locations":[{"start":{"line":84,"column":4},"end":{"line":88,"column":5}},{"start":{"line":86,"column":11},"end":{"line":88,"column":5}}],"line":84},"7":{"loc":{"start":{"line":94,"column":7},"end":{"line":133,"column":7}},"type":"binary-expr","locations":[{"start":{"line":94,"column":7},"end":{"line":94,"column":14}},{"start":{"line":95,"column":8},"end":{"line":132,"column":14}}],"line":94},"8":{"loc":{"start":{"line":135,"column":9},"end":{"line":137,"column":49}},"type":"cond-expr","locations":[{"start":{"line":136,"column":12},"end":{"line":136,"column":64}},{"start":{"line":137,"column":12},"end":{"line":137,"column":49}}],"line":135},"9":{"loc":{"start":{"line":147,"column":13},"end":{"line":147,"column":48}},"type":"binary-expr","locations":[{"start":{"line":147,"column":13},"end":{"line":147,"column":20}},{"start":{"line":147,"column":24},"end":{"line":147,"column":48}}],"line":147},"10":{"loc":{"start":{"line":151,"column":11},"end":{"line":188,"column":14}},"type":"binary-expr","locations":[{"start":{"line":151,"column":11},"end":{"line":151,"column":33}},{"start":{"line":152,"column":12},"end":{"line":188,"column":14}}],"line":151},"11":{"loc":{"start":{"line":159,"column":17},"end":{"line":186,"column":17}},"type":"binary-expr","locations":[{"start":{"line":159,"column":17},"end":{"line":159,"column":24}},{"start":{"line":160,"column":18},"end":{"line":185,"column":23}}],"line":159},"12":{"loc":{"start":{"line":175,"column":24},"end":{"line":181,"column":25}},"type":"if","locations":[{"start":{"line":175,"column":24},"end":{"line":181,"column":25}},{"start":{"line":177,"column":31},"end":{"line":181,"column":25}}],"line":175}},"s":{"0":6,"1":6,"2":6,"3":6,"4":6,"5":6,"6":6,"7":6,"8":6,"9":6,"10":6,"11":2,"12":2,"13":1,"14":1,"15":2,"16":2,"17":0,"18":0,"19":0,"20":0,"21":0,"22":2,"23":0,"24":2,"25":2,"26":0,"27":0,"28":0,"29":2,"30":6,"31":3,"32":2,"33":6,"34":3,"35":6,"36":0,"37":0,"38":0,"39":0,"40":0,"41":0,"42":6,"43":0,"44":0,"45":0,"46":0,"47":6,"48":0,"49":0,"50":0,"51":6,"52":0,"53":0,"54":0,"55":12,"56":0,"57":0,"58":0,"59":0,"60":0,"61":0},"f":{"0":6,"1":2,"2":0,"3":3,"4":3,"5":0,"6":0,"7":0,"8":0,"9":0,"10":0,"11":0,"12":12,"13":0,"14":0,"15":0,"16":0},"b":{"0":[1,1],"1":[0,2],"2":[2,0],"3":[0,2],"4":[0,2],"5":[2,1],"6":[0,0],"7":[6,2],"8":[2,4],"9":[6,2],"10":[6,6],"11":[12,4],"12":[0,0]},"_coverageSchema":"1a1c01bbd47fc00a2c39e90264f33305004495a9","hash":"5c7bcc51a04afe488abdaf6610340ca7e37dc0fd"}
,"C:\\Users\\Администратор\\Desktop\\book-store-master\\book-store-master\\client\\src\\components\\pages\\products\\Filters.js": {"path":"C:\\Users\\Администратор\\Desktop\\book-store-master\\book-store-master\\client\\src\\components\\pages\\products\\Filters.js","statementMap":{"0":{"start":{"line":5,"column":16},"end":{"line":5,"column":39}},"1":{"start":{"line":6,"column":23},"end":{"line":6,"column":53}},"2":{"start":{"line":8,"column":34},"end":{"line":8,"column":60}},"3":{"start":{"line":9,"column":26},"end":{"line":9,"column":48}},"4":{"start":{"line":10,"column":30},"end":{"line":10,"column":54}},"5":{"start":{"line":12,"column":25},"end":{"line":15,"column":3}},"6":{"start":{"line":13,"column":4},"end":{"line":13,"column":32}},"7":{"start":{"line":17,"column":2},"end":{"line":60,"column":4}},"8":{"start":{"line":25,"column":27},"end":{"line":25,"column":54}},"9":{"start":{"line":30,"column":14},"end":{"line":32,"column":23}},"10":{"start":{"line":41,"column":25},"end":{"line":41,"column":64}},"11":{"start":{"line":49,"column":27},"end":{"line":49,"column":50}}},"fnMap":{"0":{"name":"Filters","decl":{"start":{"line":4,"column":9},"end":{"line":4,"column":16}},"loc":{"start":{"line":4,"column":19},"end":{"line":61,"column":1}},"line":4},"1":{"name":"(anonymous_1)","decl":{"start":{"line":12,"column":25},"end":{"line":12,"column":26}},"loc":{"start":{"line":12,"column":32},"end":{"line":15,"column":3}},"line":12},"2":{"name":"(anonymous_2)","decl":{"start":{"line":25,"column":20},"end":{"line":25,"column":21}},"loc":{"start":{"line":25,"column":27},"end":{"line":25,"column":54}},"line":25},"3":{"name":"(anonymous_3)","decl":{"start":{"line":29,"column":27},"end":{"line":29,"column":28}},"loc":{"start":{"line":30,"column":14},"end":{"line":32,"column":23}},"line":30},"4":{"name":"(anonymous_4)","decl":{"start":{"line":41,"column":18},"end":{"line":41,"column":19}},"loc":{"start":{"line":41,"column":25},"end":{"line":41,"column":64}},"line":41},"5":{"name":"(anonymous_5)","decl":{"start":{"line":49,"column":20},"end":{"line":49,"column":21}},"loc":{"start":{"line":49,"column":27},"end":{"line":49,"column":50}},"line":49}},"branchMap":{"0":{"loc":{"start":{"line":28,"column":11},"end":{"line":33,"column":14}},"type":"binary-expr","locations":[{"start":{"line":28,"column":11},"end":{"line":28,"column":36}},{"start":{"line":29,"column":12},"end":{"line":33,"column":14}}],"line":28}},"s":{"0":4,"1":4,"2":4,"3":4,"4":4,"5":4,"6":0,"7":4,"8":0,"9":0,"10":1,"11":0},"f":{"0":4,"1":0,"2":0,"3":0,"4":1,"5":0},"b":{"0":[4,0]},"_coverageSchema":"1a1c01bbd47fc00a2c39e90264f33305004495a9","hash":"4755a22e3bc2efa2386e7bc65e009f3b7c6b79fe"}
,"C:\\Users\\Администратор\\Desktop\\book-store-master\\book-store-master\\client\\src\\components\\pages\\products\\LoadMore.js": {"path":"C:\\Users\\Администратор\\Desktop\\book-store-master\\book-store-master\\client\\src\\components\\pages\\products\\LoadMore.js","statementMap":{"0":{"start":{"line":5,"column":16},"end":{"line":5,"column":39}},"1":{"start":{"line":6,"column":26},"end":{"line":6,"column":48}},"2":{"start":{"line":7,"column":19},"end":{"line":7,"column":43}},"3":{"start":{"line":9,"column":2},"end":{"line":17,"column":4}},"4":{"start":{"line":14,"column":31},"end":{"line":14,"column":48}}},"fnMap":{"0":{"name":"LoadMore","decl":{"start":{"line":4,"column":9},"end":{"line":4,"column":17}},"loc":{"start":{"line":4,"column":20},"end":{"line":18,"column":1}},"line":4},"1":{"name":"(anonymous_1)","decl":{"start":{"line":14,"column":25},"end":{"line":14,"column":26}},"loc":{"start":{"line":14,"column":31},"end":{"line":14,"column":48}},"line":14}},"branchMap":{"0":{"loc":{"start":{"line":11,"column":7},"end":{"line":15,"column":7}},"type":"cond-expr","locations":[{"start":{"line":12,"column":8},"end":{"line":12,"column":10}},{"start":{"line":14,"column":8},"end":{"line":14,"column":75}}],"line":11}},"s":{"0":3,"1":3,"2":3,"3":3,"4":1},"f":{"0":3,"1":1},"b":{"0":[1,2]},"_coverageSchema":"1a1c01bbd47fc00a2c39e90264f33305004495a9","hash":"1dbe0a82a80d32ae1b7ecc820ec035a76cc370b3"}
,"C:\\Users\\Администратор\\Desktop\\book-store-master\\book-store-master\\client\\src\\components\\pages\\products\\Products.js": {"path":"C:\\Users\\Администратор\\Desktop\\book-store-master\\book-store-master\\client\\src\\components\\pages\\products\\Products.js","statementMap":{"0":{"start":{"line":10,"column":16},"end":{"line":10,"column":39}},"1":{"start":{"line":11,"column":34},"end":{"line":11,"column":60}},"2":{"start":{"line":12,"column":20},"end":{"line":12,"column":41}},"3":{"start":{"line":13,"column":18},"end":{"line":13,"column":29}},"4":{"start":{"line":14,"column":34},"end":{"line":14,"column":60}},"5":{"start":{"line":15,"column":32},"end":{"line":15,"column":47}},"6":{"start":{"line":16,"column":32},"end":{"line":16,"column":47}},"7":{"start":{"line":18,"column":22},"end":{"line":23,"column":3}},"8":{"start":{"line":19,"column":4},"end":{"line":21,"column":7}},"9":{"start":{"line":20,"column":6},"end":{"line":20,"column":65}},"10":{"start":{"line":20,"column":30},"end":{"line":20,"column":65}},"11":{"start":{"line":22,"column":4},"end":{"line":22,"column":31}},"12":{"start":{"line":25,"column":24},"end":{"line":46,"column":3}},"13":{"start":{"line":26,"column":4},"end":{"line":45,"column":5}},"14":{"start":{"line":27,"column":6},"end":{"line":27,"column":23}},"15":{"start":{"line":28,"column":25},"end":{"line":34,"column":7}},"16":{"start":{"line":35,"column":28},"end":{"line":37,"column":8}},"17":{"start":{"line":39,"column":6},"end":{"line":39,"column":23}},"18":{"start":{"line":40,"column":6},"end":{"line":40,"column":26}},"19":{"start":{"line":41,"column":6},"end":{"line":41,"column":29}},"20":{"start":{"line":42,"column":6},"end":{"line":42,"column":24}},"21":{"start":{"line":44,"column":6},"end":{"line":44,"column":35}},"22":{"start":{"line":48,"column":19},"end":{"line":54,"column":3}},"23":{"start":{"line":49,"column":4},"end":{"line":51,"column":7}},"24":{"start":{"line":50,"column":6},"end":{"line":50,"column":33}},"25":{"start":{"line":52,"column":4},"end":{"line":52,"column":31}},"26":{"start":{"line":53,"column":4},"end":{"line":53,"column":25}},"27":{"start":{"line":56,"column":20},"end":{"line":60,"column":3}},"28":{"start":{"line":57,"column":4},"end":{"line":59,"column":7}},"29":{"start":{"line":58,"column":6},"end":{"line":58,"column":80}},"30":{"start":{"line":58,"column":27},"end":{"line":58,"column":80}},"31":{"start":{"line":62,"column":2},"end":{"line":67,"column":6}},"32":{"start":{"line":63,"column":4},"end":{"line":67,"column":6}},"33":{"start":{"line":68,"column":2},"end":{"line":96,"column":4}},"34":{"start":{"line":81,"column":10},"end":{"line":89,"column":12}}},"fnMap":{"0":{"name":"Products","decl":{"start":{"line":9,"column":9},"end":{"line":9,"column":17}},"loc":{"start":{"line":9,"column":20},"end":{"line":97,"column":1}},"line":9},"1":{"name":"(anonymous_1)","decl":{"start":{"line":18,"column":22},"end":{"line":18,"column":23}},"loc":{"start":{"line":18,"column":30},"end":{"line":23,"column":3}},"line":18},"2":{"name":"(anonymous_2)","decl":{"start":{"line":19,"column":21},"end":{"line":19,"column":22}},"loc":{"start":{"line":19,"column":34},"end":{"line":21,"column":5}},"line":19},"3":{"name":"
[...]
ne":33,"column":7}},"13":{"start":{"line":34,"column":6},"end":{"line":34,"column":20}},"14":{"start":{"line":35,"column":6},"end":{"line":35,"column":21}},"15":{"start":{"line":37,"column":6},"end":{"line":44,"column":7}},"16":{"start":{"line":38,"column":8},"end":{"line":38,"column":43}},"17":{"start":{"line":39,"column":13},"end":{"line":44,"column":7}},"18":{"start":{"line":41,"column":8},"end":{"line":41,"column":43}},"19":{"start":{"line":43,"column":8},"end":{"line":43,"column":29}},"20":{"start":{"line":47,"column":2},"end":{"line":98,"column":4}}},"fnMap":{"0":{"name":"(anonymous_0)","decl":{"start":{"line":5,"column":19},"end":{"line":5,"column":20}},"loc":{"start":{"line":5,"column":54},"end":{"line":99,"column":1}},"line":5},"1":{"name":"(anonymous_1)","decl":{"start":{"line":10,"column":29},"end":{"line":10,"column":30}},"loc":{"start":{"line":10,"column":40},"end":{"line":12,"column":3}},"line":10},"2":{"name":"(anonymous_2)","decl":{"start":{"line":14,"column":30},"end":{"line":14,"column":31}},"loc":{"start":{"line":14,"column":41},"end":{"line":16,"column":3}},"line":14},"3":{"name":"(anonymous_3)","decl":{"start":{"line":18,"column":23},"end":{"line":18,"column":24}},"loc":{"start":{"line":18,"column":40},"end":{"line":46,"column":3}},"line":18}},"branchMap":{"0":{"loc":{"start":{"line":37,"column":6},"end":{"line":44,"column":7}},"type":"if","locations":[{"start":{"line":37,"column":6},"end":{"line":44,"column":7}},{"start":{"line":39,"column":13},"end":{"line":44,"column":7}}],"line":37},"1":{"loc":{"start":{"line":37,"column":10},"end":{"line":37,"column":57}},"type":"binary-expr","locations":[{"start":{"line":37,"column":10},"end":{"line":37,"column":24}},{"start":{"line":37,"column":28},"end":{"line":37,"column":57}}],"line":37},"2":{"loc":{"start":{"line":39,"column":13},"end":{"line":44,"column":7}},"type":"if","locations":[{"start":{"line":39,"column":13},"end":{"line":44,"column":7}},{"start":{"line":42,"column":13},"end":{"line":44,"column":7}}],"line":39},"3":{"loc":{"start":{"line":39,"column":17},"end":{"line":39,"column":64}},"type":"binary-expr","locations":[{"start":{"line":39,"column":17},"end":{"line":39,"column":31}},{"start":{"line":39,"column":35},"end":{"line":39,"column":64}}],"line":39}},"s":{"0":3,"1":12,"2":12,"3":12,"4":12,"5":12,"6":3,"7":12,"8":3,"9":12,"10":2,"11":2,"12":2,"13":1,"14":1,"15":1,"16":0,"17":1,"18":0,"19":1,"20":12},"f":{"0":12,"1":3,"2":3,"3":2},"b":{"0":[0,1],"1":[1,0],"2":[0,1],"3":[1,0]},"_coverageSchema":"1a1c01bbd47fc00a2c39e90264f33305004495a9","hash":"57615a848804b43cf04fb86cfa32b4edba04bb8c"}
,"C:\\Users\\Администратор\\Desktop\\book-store-master\\book-store-master\\client\\src\\components\\reviews\\Reviews.js": {"path":"C:\\Users\\Администратор\\Desktop\\book-store-master\\book-store-master\\client\\src\\components\\reviews\\Reviews.js","statementMap":{"0":{"start":{"line":7,"column":16},"end":{"line":250,"column":1}},"1":{"start":{"line":8,"column":32},"end":{"line":8,"column":44}},"2":{"start":{"line":9,"column":38},"end":{"line":9,"column":50}},"3":{"start":{"line":10,"column":16},"end":{"line":10,"column":39}},"4":{"start":{"line":11,"column":21},"end":{"line":11,"column":43}},"5":{"start":{"line":12,"column":20},"end":{"line":12,"column":41}},"6":{"start":{"line":13,"column":18},"end":{"line":13,"column":29}},"7":{"start":{"line":14,"column":27},"end":{"line":14,"column":38}},"8":{"start":{"line":15,"column":40},"end":{"line":15,"column":51}},"9":{"start":{"line":17,"column":26},"end":{"line":20,"column":3}},"10":{"start":{"line":19,"column":6},"end":{"line":19,"column":78}},"11":{"start":{"line":22,"column":31},"end":{"line":24,"column":3}},"12":{"start":{"line":23,"column":4},"end":{"line":23,"column":67}},"13":{"start":{"line":26,"column":27},"end":{"line":26,"column":55}},"14":{"start":{"line":27,"column":28},"end":{"line":27,"column":61}},"15":{"start":{"line":29,"column":25},"end":{"line":31,"column":46}},"16":{"start":{"line":33,"column":19},"end":{"line":35,"column":3}},"17":{"start":{"line":34,"column":4},"end":{"line":34,"column":31}},"18":{"start":{"line":37,"column":29},"end":{"line":39,"column":3}},"19":{"start":{"line":38,"column":4},"end":{"line":38,"column":38}},"20":{"start":{"line":40,"column":22},"end":{"line":48,"column":3}},"21":{"start":{"line":41,"column":4},"end":{"line":47,"column":5}},"22":{"start":{"line":42,"column":23},"end":{"line":42,"column":53}},"23":{"start":{"line":43,"column":19},"end":{"line":43,"column":32}},"24":{"start":{"line":44,"column":6},"end":{"line":44,"column":23}},"25":{"start":{"line":46,"column":6},"end":{"line":46,"column":25}},"26":{"start":{"line":49,"column":29},"end":{"line":68,"column":3}},"27":{"start":{"line":50,"column":4},"end":{"line":67,"column":5}},"28":{"start":{"line":51,"column":6},"end":{"line":55,"column":9}},"29":{"start":{"line":57,"column":6},"end":{"line":57,"column":64}},"30":{"start":{"line":57,"column":44},"end":{"line":57,"column":61}},"31":{"start":{"line":59,"column":6},"end":{"line":66,"column":7}},"32":{"start":{"line":60,"column":8},"end":{"line":60,"column":41}},"33":{"start":{"line":61,"column":13},"end":{"line":66,"column":7}},"34":{"start":{"line":63,"column":8},"end":{"line":63,"column":39}},"35":{"start":{"line":65,"column":8},"end":{"line":65,"column":29}},"36":{"start":{"line":69,"column":21},"end":{"line":77,"column":3}},"37":{"start":{"line":70,"column":17},"end":{"line":70,"column":37}},"38":{"start":{"line":71,"column":17},"end":{"line":71,"column":35}},"39":{"start":{"line":72,"column":18},"end":{"line":72,"column":37}},"40":{"start":{"line":73,"column":16},"end":{"line":73,"column":30}},"41":{"start":{"line":74,"column":4},"end":{"line":76,"column":7}},"42":{"start":{"line":79,"column":24},"end":{"line":107,"column":3}},"43":{"start":{"line":80,"column":4},"end":{"line":105,"column":5}},"44":{"start":{"line":81,"column":23},"end":{"line":89,"column":7}},"45":{"start":{"line":90,"column":28},"end":{"line":90,"column":41}},"46":{"start":{"line":91,"column":6},"end":{"line":98,"column":8}},"47":{"start":{"line":93,"column":10},"end":{"line":95,"column":11}},"48":{"start":{"line":94,"column":12},"end":{"line":94,"column":33}},"49":{"start":{"line":96,"column":10},"end":{"line":96,"column":24}},"50":{"start":{"line":100,"column":6},"end":{"line":104,"column":7}},"51":{"start":{"line":101,"column":8},"end":{"line":101,"column":39}},"52":{"start":{"line":103,"column":8},"end":{"line":103,"column":29}},"53":{"start":{"line":106,"column":4},"end":{"line":106,"column":18}},"54":{"start":{"line":108,"column":26},"end":{"line":136,"column":3}},"55":{"start":{"line":109,"column":4},"end":{"line":134,"column":5}},"56":{"start":{"line":110,"column":23},"end":{"line":118,"column":7}},"57":{"start":{"line":119,"column":28},"end":{"line":119,"column":41}},"58":{"start":{"line":120,"column":6},"end":{"line":127,"column":8}},"59":{"start":{"line":122,"column":10},"end":{"line":124,"column":11}},"60":{"start":{"line":123,"column":12},"end":{"line":123,"column":33}},"61":{"start":{"line":125,"column":10},"end":{"line":125,"column":24}},"62":{"start":{"line":129,"column":6},"end":{"line":133,"column":7}},"63":{"start":{"line":130,"column":8},"end":{"line":130,"column":39}},"64":{"start":{"line":132,"column":8},"end":{"line":132,"column":29}},"65":{"start":{"line":135,"column":4},"end":{"line":135,"column":18}},"66":{"start":{"line":137,"column":23},"end":{"line":140,"column":3}},"67":{"start":{"line":138,"column":18},"end":{"line":138,"column":21}},"68":{"start":{"line":139,"column":4},"end":{"line":139,"column":38}},"69":{"start":{"line":142,"column":19},"end":{"line":155,"column":6}},"70":{"start":{"line":143,"column":4},"end":{"line":155,"column":6}},"71":{"start":{"line":144,"column":6},"end":{"line":154,"column":7}},"72":{"start":{"line":151,"column":8},"end":{"line":151,"column":20}},"73":{"start":{"line":153,"column":8},"end":{"line":153,"column":24}},"74":{"start":{"line":156,"column":19},"end":{"line":163,"column":6}},"75":{"start":{"line":157,"column":4},"end":{"line":163,"column":6}},"76":{"start":{"line":158,"column":6},"end":{"line":162,"column":7}},"77":{"start":{"line":159,"column":8},"end":{"line":159,"column":20}},"78":{"start":{"line":161,"column":8},"end":{"line":161,"column":24}},"79":{"start":{"line":165,"column":2},"end":{"line":167,"column":9}},"80":{"start":{"line":166,"column":4},"end":{"line":166,"column":18}},"81":{"start":{"line":169,"column":2},"end":{"line":249,"column":4}},"82":{"start":{"line":186,"column":12},"end":{"line":222,"column":18}},"83":{"start":{"line":202,"column":33},"end":{"line":202,"column":63}},"84":{"start":{"line":209,"column":35},"end":{"line":209,"column":73}},"85":{"start":{"line":216,"column":35},"end":{"line":216,"column":62}},"86":{"start":{"line":225,"column":12},"end":{"line":238,"column":18}}},"fnMap":{"0":{"name":"(anonymous_0)","decl":{"start":{"line":7,"column":16},"end":{"line":7,"column":17}},"loc":{"start":{"line":7,"column":22},"end":{"line":250,"column":1}},"line":7},"1":{"name":"(anonymous_1)","decl":{"start":{"line":18,"column":4},"end":{"line":18,"column":5}},"loc":{"start":{"line":19,"column":6},"end":{"line":19,"column":78}},"line":19},"2":{"name":"(anonymous_2)","decl":{"start":{"line":22,"column":46},"end":{"line":22,"column":47}},"loc":{"start":{"line":23,"column":4},"end":{"line":23,"column":67}},"line":23},"3":{"name":"(anonymous_3)","decl":{"start":{"line":33,"column":19},"end":{"line":33,"column":20}},"loc":{"start":{"line":33,"column":35},"end":{"line":35,"column":3}},"line":33},"4":{"name":"(anonymous_4)","decl":{"start":{"line":37,"column":29},"end":{"line":37,"column":30}},"loc":{"start":{"line":37,"column":40},"end":{"line":39,"column":3}},"line":37},"5":{"name":"(anonymous_5)","decl":{"start":{"line":40,"column":22},"end":{"line":40,"column":23}},"loc":{"start":{"line":40,"column":34},"end":{"line":48,"column":3}},"line":40},"6":{"name":"(anonymous_6)","decl":{"start":{"line":49,"column":29},"end":{"line":49,"column":30}},"loc":{"start":{"line":49,"column":43},"end":{"line":68,"column":3}},"line":49},"7":{"name":"(anonymous_7)","decl":{"start":{"line":57,"column":32},"end":{"line":57,"column":33}},"loc":{"start":{"line":57,"column":44},"end":{"line":57,"column":61}},"line":57},"8":{"name":"(anonymous_8)","decl":{"start":{"line":69,"column":21},"end":{"line":69,"column":22}},"loc":{"start":{"line":69,"column":37},"end":{"line":77,"column":3}},"line":69},"9":{"name":"(anonymous_9)","decl":{"start":{"line":79,"column":24},"end":{"line":79,"column":25}},"loc":{"start":{"line":79,"column":52},"end":{"line":107,"column":3}},"line":79},"10":{"name":"(anonymous_10)","decl":{"start":{"line":92,"column":20},"end":{"line":92,"column":21}},"loc":{"start":{"line":92,"column":32},"end":{"line":97,"column":9}},"line":92},"11":{"name":"(anonymous_11)","decl":{"start":{"line":108,"column":26},"end":{"line":108,"column":27}},"loc":{"start":{"line":108,"column":46},"end":{"line":136,"column":3}},"line":108},"12":{"name":"(anonymous_12)","decl":{"start":{"line":121,"column":20},"end":{"line":121,"column":21}},"loc":{"start":{"line":121,"column":32},"end":{"line":126,"column":9}},"line":121},"13":{"name":"(anonymous_13)","decl":{"start":{"line":137,"column":23},"end":{"line":137,"column":24}},"loc":{"start":{"line":137,"column":35},"end":{"line":140,"column":3}},"line":137},"14":{"name":"(anonymous_14)","decl":{"start":{"line":142,"column":19},"end":{"line":142,"column":20}},"loc":{"start":{"line":143,"column":4},"end":{"line":155,"column":6}},"line":143},"15":{"name":"(anonymous_15)","decl":{"start":{"line":143,"column":19},"end":{"line":143,"column":20}},"loc":{"start":{"line":143,"column":29},"end":{"line":155,"column":5}},"line":143},"16":{"name":"(anonymous_16)","decl":{"start":{"line":156,"column":19},"end":{"line":156,"column":20}},"loc":{"start":{"line":157,"column":4},"end":{"line":163,"column":6}},"line":157},"17":{"name":"(anonymous_17)","decl":{"start":{"line":157,"column":19},"end":{"line":157,"column":20}},"loc":{"start":{"line":157,"column":29},"end":{"line":163,"column":5}},"line":157},"18":{"name":"(anonymous_18)","decl":{"start":{"line":165,"column":12},"end":{"line":165,"column":13}},"loc":{"start":{"line":165,"column":18},"end":{"line":167,"column":3}},"line":165},"19":{"name":"(anonymous_19)","decl":{"start":{"line":185,"column":29},"end":{"line":185,"column":30}},"loc":{"start":{"line":186,"column":12},"end":{"line":222,"column":18}},"line":186},"20":{"name":"(anonymous_20)","decl":{"start":{"line":202,"column":27},"end":{"line":202,"column":28}},"loc":{"start":{"line":202,"column":33},"end":{"line":202,"column":63}},"line":202},"21":{"name":"(anonymous_21)","decl":{"start":{"line":209,"column":29},"end":{"line":209,"column":30}},"loc":{"start":{"line":209,"column":35},"end":{"line":209,"column":73}},"line":209},"22":{"name":"(anonymous_22)","decl":{"start":{"line":216,"column":29},"end":{"line":216,"column":30}},"loc":{"start":{"line":216,"column":35},"end":{"line":216,"column":62}},"line":216},"23":{"name":"(anonymous_23)","decl":{"start":{"line":224,"column":29},"end":{"line":224,"column":30}},"loc":{"start":{"line":225,"column":12},"end":{"line":238,"column":18}},"line":225}},"branchMap":{"0":{"loc":{"start":{"line":18,"column":30},"end":{"line":18,"column":44}},"type":"default-arg","locations":[{"start":{"line":18,"column":42},"end":{"line":18,"column":44}}],"line":18},"1":{"loc":{"start":{"line":19,"column":6},"end":{"line":19,"column":78}},"type":"binary-expr","locations":[{"start":{"line":19,"column":6},"end":{"line":19,"column":19}},{"start":{"line":19,"column":23},"end":{"line":19,"column":78}}],"line":19},"2":{"loc":{"start":{"line":30,"column":4},"end":{"line":30,"column":52}},"type":"cond-expr","locations":[{"start":{"line":30,"column":14},"end":{"line":30,"column":34}},{"start":{"line":30,"column":37},"end":{"line":30,"column":52}}],"line":30},"3":{"loc":{"start":{"line":59,"column":6},"end":{"line":66,"column":7}},"type":"if","locations":[{"start":{"line":59,"column":6},"end":{"line":66,"column":7}},{"start":{"line":61,"column":13},"end":{"line":66,"column":7}}],"line":59},"4":{"loc":{"start":{"line":59,"column":10},"end":{"line":59,"column":57}},"type":"binary-expr","locations":[{"start":{"line":59,"column":10},"end":{"line":59,"column":24}},{"start":{"line":59,"column":28},"end":{"line":59,"column":57}}],"line":59},"5":{"loc":{"start":{"line":61,"column":13},"end":{"line":66,"column":7}},"type":"if","locations":[{"start":{"line":61,"column":13},"end":{"line":66,"column":7}},{"start":{"line":64,"column":13},"end":{"line":66,"column":7}}],"line":61},"6":{"loc":{"start":{"line":61,"column":17},"end":{"line":61,"column":64}},"type":"binary-expr","locations":[{"start":{"line":61,"column":17},"end":{"line":61,"column":31}},{"start":{"line":61,"column":35},"end":{"line":61,"column":64}}],"line":61},"7":{"loc":{"start":{"line":74,"column":22},"end":{"line":74,"column":54}},"type":"cond-expr","locations":[{"start":{"line":74,"column":35},"end":{"line":74,"column":46}},{"start":{"line":74,"column":49},"end":{"line":74,"column":54}}],"line":74},"8":{"loc":{"start":{"line":75,"column":6},"end":{"line":75,"column":32}},"type":"cond-expr","locations":[{"start":{"line":75,"column":17},"end":{"line":75,"column":26}},{"start":{"line":75,"column":29},"end":{"line":75,"column":32}}],"line":75},"9":{"loc":{"start":{"line":93,"column":10},"end":{"line":95,"column":11}},"type":"if","locations":[{"start":{"line":93,"column":10},"end":{"line":95,"column":11}},{"start":{},"end":{}}],"line":93},"10":{"loc":{"start":{"line":100,"column":6},"end":{"line":104,"column":7}},"type":"if","locations":[{"start":{"line":100,"column":6},"end":{"line":104,"column":7}},{"start":{"line":102,"column":13},"end":{"line":104,"column":7}}],"line":100},"11":{"loc":{"start":{"line":100,"column":10},"end":{"line":100,"column":57}},"type":"binary-expr","locations":[{"start":{"line":100,"column":10},"end":{"line":100,"column":24}},{"start":{"line":100,"column":28},"end":{"line":100,"column":57}}],"line":100},"12":{"loc":{"start":{"line":122,"column":10},"end":{"line":124,"column":11}},"type":"if","locations":[{"start":{"line":122,"column":10},"end":{"line":124,"column":11}},{"start":{},"end":{}}],"line":122},"13":{"loc":{"start":{"line":129,"column":6},"end":{"line":133,"column":7}},"type":"if","locations":[{"start":{"line":129,"column":6},"end":{"line":133,"column":7}},{"start":{"line":131,"column":13},"end":{"line":133,"column":7}}],"line":129},"14":{"loc":{"start":{"line":129,"column":10},"end":{"line":129,"column":57}},"type":"binary-expr","locations":[{"start":{"line":129,"column":10},"end":{"line":129,"column":24}},{"start":{"line":129,"column":28},"end":{"line":129,"column":57}}],"line":129},"15":{"loc":{"start":{"line":144,"column":6},"end":{"line":154,"column":7}},"type":"if","locations":[{"start":{"line":144,"column":6},"end":{"line":154,"column":7}},{"start":{"line":152,"column":13},"end":{"line":154,"column":7}}],"line":144},"16":{"loc":{"start":{"line":147,"column":11},"end":{"line":147,"column":59}},"type":"cond-expr","locations":[{"start":{"line":147,"column":21},"end":{"line":147,"column":41}},{"start":{"line":147,"column":44},"end":{"line":147,"column":59}}],"line":147},"17":{"loc":{"start":{"line":158,"column":6},"end":{"line":162,"column":7}},"type":"if","locations":[{"start":{"line":158,"column":6},"end":{"line":162,"column":7}},{"start":{"line":160,"column":13},"end":{"line":162,"column":7}}],"line":158},"18":{"loc":{"start":{"line":172,"column":7},"end":{"line":176,"column":14}},"type":"cond-expr","locations":[{"start":{"line":173,"column":8},"end":{"line":175,"column":15}},{"start":{"line":176,"column":10},"end":{"line":176,"column":14}}],"line":172},"19":{"loc":{"start":{"line":172,"column":7},"end":{"line":172,"column":27}},"type":"binary-expr","locations":[{"start":{"line":172,"column":7},"end":{"line":172,"column":15}},{"start":{"line":172,"column":19},"end":{"line":172,"column":27}}],"line":172},"20":{"loc":{"start":{"line":184,"column":7},"end":{"line":239,"column":12}},"type":"cond-expr","locations":[{"start":{"line":185,"column":10},"end":{"line":223,"column":12}},{"start":{"line":224,"column":10},"end":{"line":239,"column":12}}],"line":184},"21":{"loc":{"start":{"line":206,"column":17},"end":{"line":220,"column":17}},"type":"cond-expr","locations":[{"start":{"line":207,"column":18},"end":{"line":212,"column":27}},{"start":{"line":214,"column":18},"end":{"line":219,"column":27}}],"line":206},"22":{"loc":{"start":{"line":242,"column":23},"end":{"line":242,"column":71}},"type":"cond-expr","locations":[{"start":{"line":242,"column":33},"end":{"line":242,"column":53}},{"start":{"line":242,"column":56},"end":{"line":242,"column":71}}],"line":242}},"s":{"0":1,"1":11,"2":10,"3":10,"4":10,"5":10,"6":10,"7":10,"8":10,"9":10,"10":8,"11":10,"12":8,"13":10,"14":10,"15":10,"16":10,"17":0,"18":10,"19":1,"20":10,"21":5,"22":5,"23":5,"24":4,"25":1,"26":10,"27":1,"28":1,"29":1,"30":2,"31":0,"32":0,"33":0,"34":0,"35":0,"36":10,"37":7,"38":7,"39":7,"40":7,"41":7,"42":10,"43":1,"44":1,"45":1,"46":1,"47":1,"48":0,"49":1,"50":0,"51":0,"52":0,"53":1,"54":10,"55":0,"56":0,"57":0,"58":0,"59":0,"60":0,"61":0,"62":0,"63":0,"64":0,"65":0,"66":10,"67":7,"68":7,"69":10,"70":0,"71":0,"72":0,"73":0,"74":10,"75":0,"76":0,"77":0,"78":0,"79":10,"80":4,"81":10,"82":7,"83":1,"84":1,"85":0,"86":0},"f":{"0":11,"1":8,"2":8,"3":0,"4":1,"5":5,"6":1,"7":2,"8":7,"9":1,"10":1,"11":0,"12":0,"13":7,"14":0,"15":0,"16":0,"17":0,"18":4,"19":7,"20":1,"21":1,"22":0,"23":0},"b":{"0":[0],"1":[8,8],"2":[10,0],"3":[0,0],"4":[0,0],"5":[0,0],"6":[0,0],"7":[7,0],"8":[7,0],"9":[0,1],"10":[0,0],"11":[0,0],"12":[0,0],"13":[0,0],"14":[0,0],"15":[0,0],"16":[0,0],"17":[0,0],"18":[0,10],"19":[10,10],"20":[10,0],"21":[7,0],"22":[10,0]},"_coverageSchema":"1a1c01bbd47fc00a2c39e90264f33305004495a9","hash":"7438506e9235c5b68d12e185d985cf31fc6aefaa"}
}
