TN:
SF:src\App.js
FN:8,(anonymous_0)
FNF:1
FNH:0
FNDA:0,(anonymous_0)
DA:8,0
DA:9,0
LF:2
LH:0
BRF:0
BRH:0
end_of_record
TN:
SF:src\GlobalState.js
FN:8,(anonymous_0)
FN:12,(anonymous_1)
FN:15,(anonymous_2)
FN:20,(anonymous_3)
FNF:4
FNH:3
FNDA:6,(anonymous_0)
FNDA:6,(anonymous_1)
FNDA:1,(anonymous_2)
FNDA:0,(anonymous_3)
DA:7,16
DA:8,16
DA:9,6
DA:10,6
DA:12,6
DA:13,6
DA:14,6
DA:15,1
DA:16,1
DA:18,1
DA:20,1
DA:21,0
DA:24,1
DA:28,6
DA:35,6
LF:15
LH:14
BRDA:14,0,0,1
BRDA:14,0,1,5
BRF:2
BRH:2
end_of_record
TN:
SF:src\index.js
FNF:0
FNH:0
DA:6,0
DA:7,0
LF:2
LH:0
BRF:0
BRH:0
end_of_record
TN:
SF:src\api\CategoriesAPI.js
FN:4,CategoriesAPI
FN:8,(anonymous_1)
FN:9,(anonymous_2)
FNF:3
FNH:3
FNDA:6,CategoriesAPI
FNDA:3,(anonymous_1)
FNDA:3,(anonymous_2)
DA:5,6
DA:6,6
DA:8,6
DA:9,3
DA:10,3
DA:11,3
DA:14,3
DA:16,6
LF:8
LH:8
BRF:0
BRH:0
end_of_record
TN:
SF:src\api\ProductsAPI.js
FN:4,ProductsAPI
FN:13,(anonymous_1)
FN:22,(anonymous_2)
FNF:3
FNH:3
FNDA:3,ProductsAPI
FNDA:1,(anonymous_1)
FNDA:1,(anonymous_2)
DA:5,3
DA:6,3
DA:7,3
DA:8,3
DA:9,3
DA:10,3
DA:11,3
DA:13,3
DA:14,1
DA:19,1
DA:20,1
DA:22,3
DA:23,1
DA:26,3
LF:14
LH:14
BRF:0
BRH:0
end_of_record
TN:
SF:src\api\UserAPI.js
FN:4,UserAPI
FN:12,(anonymous_1)
FN:14,(anonymous_2)
FN:37,(anonymous_3)
FN:41,(anonymous_4)
FNF:5
FNH:5
FNDA:32,UserAPI
FNDA:6,(anonymous_1)
FNDA:5,(anonymous_2)
FNDA:3,(anonymous_3)
FNDA:1,(anonymous_4)
DA:5,32
DA:6,32
DA:7,32
DA:8,32
DA:9,32
DA:10,32
DA:12,32
DA:13,6
DA:14,5
DA:15,5
DA:16,5
DA:19,5
DA:20,5
DA:21,5
DA:22,5
DA:23,5
DA:25,0
DA:26,0
DA:28,0
DA:33,5
DA:37,32
DA:38,3
DA:39,1
DA:41,2
DA:42,1
DA:45,2
DA:46,1
DA:48,1
DA:56,1
DA:60,32
LF:30
LH:27
BRDA:13,0,0,5
BRDA:13,0,1,1
BRDA:20,1,0,1
BRDA:20,1,1,4
BRDA:25,2,0,0
BRDA:25,2,1,0
BRDA:25,3,0,0
BRDA:25,3,1,0
BRDA:38,4,0,1
BRDA:38,4,1,2
BRDA:45,5,0,1
BRDA:45,5,1,1
BRF:12
BRH:8
end_of_record
TN:
SF:src\components\footer\Footer.js
FN:6,(anonymous_0)
FNF:1
FNH:1
FNDA:6,(anonymous_0)
DA:6,1
DA:7,6
LF:2
LH:2
BRF:0
BRH:0
end_of_record
TN:
SF:src\components\headers\Header.js
FN:9,(anonymous_0)
FN:17,(anonymous_1)
FN:25,(anonymous_2)
FN:38,(anonymous_3)
FN:59,(anonymous_4)
FN:84,(anonymous_5)
FNF:6
FNH:5
FNDA:17,(anonymous_0)
FNDA:0,(anonymous_1)
FNDA:7,(anonymous_2)
FNDA:7,(anonymous_3)
FNDA:3,(anonymous_4)
FNDA:1,(anonymous_5)
DA:9,1
DA:10,17
DA:11,17
DA:12,17
DA:13,17
DA:14,17
DA:15,17
DA:17,17
DA:18,0
DA:20,0
DA:22,0
DA:25,17
DA:26,7
DA:38,17
DA:39,7
DA:53,17
DA:57,17
DA:59,3
DA:84,1
LF:19
LH:16
BRDA:54,0,0,3
BRDA:54,0,1,14
BRDA:65,1,0,7
BRDA:65,1,1,10
BRDA:71,2,0,7
BRDA:71,2,1,10
BRDA:74,3,0,17
BRDA:74,3,1,7
BRDA:76,4,0,7
BRDA:76,4,1,10
BRDA:89,5,0,7
BRDA:89,5,1,10
BRF:12
BRH:12
end_of_record
TN:
SF:src\components\pages\Pages.js
FN:16,(anonymous_0)
FNF:1
FNH:1
FNDA:14,(anonymous_0)
DA:16,1
DA:17,14
DA:18,14
DA:19,14
DA:21,14
LF:5
LH:5
BRDA:26,0,0,5
BRDA:26,0,1,9
BRDA:29,1,0,5
BRDA:29,1,1,9
BRDA:34,2,0,2
BRDA:34,2,1,12
BRDA:38,3,0,2
BRDA:38,3,1,12
BRDA:42,4,0,2
BRDA:42,4,1,12
BRDA:47,5,0,5
BRDA:47,5,1,9
BRDA:51,6,0,5
BRDA:51,6,1,9
BRF:14
BRH:14
end_of_record
TN:
SF:src\components\pages\auth\Login.js
FN:5,Login
FN:11,(anonymous_1)
FN:16,(anonymous_2)
FNF:3
FNH:3
FNDA:11,Login
FNDA:6,(anonymous_1)
FNDA:2,(anonymous_2)
DA:6,11
DA:11,11
DA:12,6
DA:13,6
DA:16,11
DA:17,2
DA:18,2
DA:19,2
DA:21,1
DA:23,1
DA:25,1
DA:29,11
LF:12
LH:12
BRF:0
BRH:0
end_of_record
TN:
SF:src\components\pages\auth\Register.js
FN:5,Register
FN:12,(anonymous_1)
FN:17,(anonymous_2)
FNF:3
FNH:3
FNDA:9,Register
FNDA:6,(anonymous_1)
FNDA:1,(anonymous_2)
DA:6,9
DA:12,9
DA:13,6
DA:14,6
DA:17,9
DA:18,1
DA:19,1
DA:20,1
DA:22,1
DA:24,1
DA:26,0
DA:30,9
LF:12
LH:11
BRF:0
BRH:0
end_of_record
TN:
SF:src\components\pages\cart\Cart.js
FN:8,Cart
FN:19,(anonymous_1)
FN:39,(anonymous_2)
FN:54,(anonymous_3)
FN:55,(anonymous_4)
FN:56,(anonymous_5)
FN:66,(anonymous_6)
FN:76,(anonymous_7)
FN:77,(anonymous_8)
FN:87,(anonymous_9)
FN:88,(anonymous_10)
FN:98,(anonymous_11)
FN:100,(anonymous_12)
FN:111,(anonymous_13)
FN:139,(anonymous_14)
FN:151,(anonymous_15)
FN:153,(anonymous_16)
FN:156,(anonymous_17)
FN:167,(anonymous_18)
FN:172,(anonymous_19)
FNF:20
FNH:0
FNDA:0,Cart
FNDA:0,(anonymous_1)
FNDA:0,(anonymous_2)
FNDA:0,(anonymous_3)
FNDA:0,(anonymous_4)
FNDA:0,(anonymous_5)
FNDA:0,(anonymous_6)
FNDA:0,(anonymous_7)
FNDA:0,(anonymous_8)
FNDA:0,(anonymous_9)
FNDA:0,(anonymous_10)
FNDA:0,(anonymous_11)
FNDA:0,(anonymous_12)
FNDA:0,(anonymous_13)
FNDA:0,(anonymous_14)
FNDA:0,(anonymous_15)
FNDA:0,(anonymous_16)
FNDA:0,(anonymous_17)
FNDA:0,(anonymous_18)
FNDA:0,(anonymous_19)
DA:9,0
DA:10,0
DA:11,0
DA:12,0
DA:13,0
DA:14,0
DA:15,0
DA:16,0
DA:19,0
DA:20,0
DA:21,0
DA:22,0
DA:23,0
DA:28,0
DA:29,0
DA:36,0
DA:39,0
DA:40,0
DA:41,0
DA:44,0
DA:46,0
DA:47,0
DA:49,0
DA:54,0
DA:55,0
DA:56,0
DA:57,0
DA:60,0
DA:63,0
DA:66,0
DA:67,0
DA:76,0
DA:77,0
DA:78,0
DA:79,0
DA:83,0
DA:84,0
DA:87,0
DA:88,0
DA:89,0
DA:90,0
DA:94,0
DA:95,0
DA:98,0
DA:99,0
DA:100,0
DA:101,0
DA:102,0
DA:106,0
DA:107,0
DA:111,0
DA:112,0
DA:113,0
DA:114,0
DA:122,0
DA:125,0
DA:126,0
DA:127,0
DA:128,0
DA:132,0
DA:133,0
DA:137,0
DA:140,0
DA:151,0
DA:153,0
DA:156,0
DA:167,0
DA:173,0
DA:174,0
DA:175,0
LF:70
LH:0
BRDA:46,0,0,0
BRDA:46,0,1,0
BRDA:46,1,0,0
BRDA:46,1,1,0
BRDA:78,2,0,0
BRDA:78,2,1,0
BRDA:89,3,0,0
BRDA:89,3,1,0
BRDA:90,4,0,0
BRDA:90,4,1,0
BRDA:99,5,0,0
BRDA:99,5,1,0
BRDA:101,6,0,0
BRDA:101,6,1,0
BRDA:127,7,0,0
BRDA:127,7,1,0
BRDA:132,8,0,0
BRDA:132,8,1,0
BRDA:178,9,0,0
BRDA:178,9,1,0
BRDA:181,10,0,0
BRDA:181,10,1,0
BRDA:181,11,0,0
BRDA:181,11,1,0
BRF:24
BRH:0
end_of_record
TN:
SF:src\components\pages\cart\Map.js
FN:5,(anonymous_0)
FNF:1
FNH:0
FNDA:0,(anonymous_0)
DA:5,0
DA:6,0
DA:7,0
LF:3
LH:0
BRF:0
BRH:0
end_of_record
TN:
SF:src\components\pages\cart\PaypalButton.js
FNF:0
FNH:0
LF:0
LH:0
BRF:0
BRH:0
end_of_record
TN:
SF:src\components\pages\categories\Categories.js
FN:5,Categories
FN:14,(anonymous_1)
FN:44,(anonymous_2)
FN:50,(anonymous_3)
FN:72,(anonymous_4)
FN:79,(anonymous_5)
FN:83,(anonymous_6)
FN:86,(anonymous_7)
FNF:8
FNH:8
FNDA:8,Categories
FNDA:2,(anonymous_1)
FNDA:1,(anonymous_2)
FNDA:1,(anonymous_3)
FNDA:2,(anonymous_4)
FNDA:16,(anonymous_5)
FNDA:1,(anonymous_6)
FNDA:1,(anonymous_7)
DA:6,8
DA:7,8
DA:8,8
DA:9,8
DA:10,8
DA:11,8
DA:12,8
DA:14,8
DA:15,2
DA:16,2
DA:17,2
DA:18,1
DA:25,1
DA:27,1
DA:34,1
DA:36,2
DA:37,2
DA:38,2
DA:40,0
DA:44,8
DA:45,1
DA:46,1
DA:47,1
DA:50,8
DA:51,1
DA:52,1
DA:55,1
DA:56,1
DA:58,0
DA:62,8
DA:72,2
DA:80,16
DA:83,1
DA:86,1
LF:34
LH:32
BRDA:17,0,0,1
BRDA:17,0,1,1
BRDA:75,1,0,2
BRDA:75,1,1,6
BRF:4
BRH:4
end_of_record
TN:
SF:src\components\pages\createProduct\CreateProduct.js
FN:20,CreateProduct
FN:37,(anonymous_1)
FN:41,(anonymous_2)
FN:54,(anonymous_3)
FN:87,(anonymous_4)
FN:105,(anonymous_5)
FN:110,(anonymous_6)
FN:240,(anonymous_7)
FNF:8
FNH:4
FNDA:62,CreateProduct
FNDA:3,(anonymous_1)
FNDA:0,(anonymous_2)
FNDA:0,(anonymous_3)
FNDA:0,(anonymous_4)
FNDA:58,(anonymous_5)
FNDA:0,(anonymous_6)
FNDA:124,(anonymous_7)
DA:7,1
DA:21,62
DA:22,62
DA:23,62
DA:24,62
DA:25,62
DA:27,62
DA:28,62
DA:30,62
DA:31,62
DA:33,62
DA:34,62
DA:35,62
DA:37,62
DA:39,3
DA:40,0
DA:41,0
DA:42,0
DA:43,0
DA:44,0
DA:48,3
DA:49,3
DA:50,3
DA:54,62
DA:55,0
DA:56,0
DA:57,0
DA:58,0
DA:60,0
DA:62,0
DA:64,0
DA:66,0
DA:68,0
DA:70,0
DA:71,0
DA:73,0
DA:74,0
DA:80,0
DA:81,0
DA:83,0
DA:87,62
DA:88,0
DA:89,0
DA:90,0
DA:91,0
DA:98,0
DA:99,0
DA:101,0
DA:105,62
DA:106,58
DA:107,58
DA:110,62
DA:111,0
DA:112,0
DA:113,0
DA:114,0
DA:116,0
DA:117,0
DA:125,0
DA:133,0
DA:134,0
DA:136,0
DA:140,62
DA:143,62
DA:241,124
LF:65
LH:27
BRDA:39,0,0,0
BRDA:39,0,1,3
BRDA:42,1,0,0
BRDA:42,1,1,0
BRDA:57,2,0,0
BRDA:57,2,1,0
BRDA:60,3,0,0
BRDA:60,3,1,0
BRDA:62,4,0,0
BRDA:62,4,1,0
BRDA:66,5,0,0
BRDA:66,5,1,0
BRDA:66,6,0,0
BRDA:66,6,1,0
BRDA:89,7,0,0
BRDA:89,7,1,0
BRDA:113,8,0,0
BRDA:113,8,1,0
BRDA:114,9,0,0
BRDA:114,9,1,0
BRDA:116,10,0,0
BRDA:116,10,1,0
BRDA:141,11,0,0
BRDA:141,11,1,62
BRDA:153,12,0,0
BRDA:153,12,1,62
BRDA:159,13,0,0
BRDA:159,13,1,62
BRDA:258,14,0,0
BRDA:258,14,1,62
BRF:30
BRH:5
end_of_record
TN:
SF:src\components\pages\detailProduct\DetailProduct.js
FN:6,DetailProduct
FN:13,(anonymous_1)
FN:15,(anonymous_2)
FN:40,(anonymous_3)
FN:50,(anonymous_4)
FNF:5
FNH:2
FNDA:1,DetailProduct
FNDA:1,(anonymous_1)
FNDA:0,(anonymous_2)
FNDA:0,(anonymous_3)
FNDA:0,(anonymous_4)
DA:7,1
DA:8,1
DA:9,1
DA:10,1
DA:11,1
DA:13,1
DA:14,1
DA:15,0
DA:16,0
DA:21,1
DA:23,0
DA:40,0
DA:51,0
LF:13
LH:8
BRDA:14,0,0,0
BRDA:14,0,1,1
BRDA:16,1,0,0
BRDA:16,1,1,0
BRDA:21,2,0,1
BRDA:21,2,1,0
BRDA:36,3,0,0
BRDA:36,3,1,0
BRDA:51,4,0,0
BRDA:51,4,1,0
BRF:10
BRH:2
end_of_record
TN:
SF:src\components\pages\history\OrderDetails.js
FN:6,OrderDetails
FN:15,handleCheckboxChange
FN:23,(anonymous_2)
FN:25,(anonymous_3)
FN:72,(anonymous_4)
FN:80,(anonymous_5)
FNF:6
FNH:2
FNDA:1,OrderDetails
FNDA:0,handleCheckboxChange
FNDA:1,(anonymous_2)
FNDA:0,(anonymous_3)
FNDA:0,(anonymous_4)
FNDA:0,(anonymous_5)
DA:7,1
DA:8,1
DA:9,1
DA:10,1
DA:11,1
DA:12,1
DA:13,1
DA:16,0
DA:17,0
DA:19,0
DA:23,1
DA:24,1
DA:25,0
DA:26,0
DA:31,1
DA:33,0
DA:73,0
DA:81,0
DA:82,0
LF:19
LH:10
BRDA:16,0,0,0
BRDA:16,0,1,0
BRDA:24,1,0,0
BRDA:24,1,1,1
BRDA:26,2,0,0
BRDA:26,2,1,0
BRDA:31,3,0,1
BRDA:31,3,1,0
BRDA:49,4,0,0
BRDA:49,4,1,0
BRDA:54,5,0,0
BRDA:54,5,1,0
BRDA:95,6,0,0
BRDA:95,6,1,0
BRDA:95,7,0,0
BRDA:95,7,1,0
BRDA:95,7,2,0
BRF:17
BRH:2
end_of_record
TN:
SF:src\components\pages\history\OrderHistory.js
FN:6,OrderHistory
FN:19,(anonymous_1)
FN:44,(anonymous_2)
FN:52,(anonymous_3)
FN:58,(anonymous_4)
FN:61,(anonymous_5)
FN:62,(anonymous_6)
FN:72,(anonymous_7)
FN:83,(anonymous_8)
FN:103,(anonymous_9)
FN:113,(anonymous_10)
FN:123,(anonymous_11)
FN:152,(anonymous_12)
FN:163,(anonymous_13)
FN:172,(anonymous_14)
FN:174,(anonymous_15)
FN:179,(anonymous_16)
FNF:17
FNH:5
FNDA:6,OrderHistory
FNDA:2,(anonymous_1)
FNDA:0,(anonymous_2)
FNDA:3,(anonymous_3)
FNDA:3,(anonymous_4)
FNDA:0,(anonymous_5)
FNDA:0,(anonymous_6)
FNDA:0,(anonymous_7)
FNDA:0,(anonymous_8)
FNDA:0,(anonymous_9)
FNDA:0,(anonymous_10)
FNDA:0,(anonymous_11)
FNDA:12,(anonymous_12)
FNDA:0,(anonymous_13)
FNDA:0,(anonymous_14)
FNDA:0,(anonymous_15)
FNDA:0,(anonymous_16)
DA:7,6
DA:8,6
DA:9,6
DA:10,6
DA:11,6
DA:13,6
DA:14,6
DA:15,6
DA:16,6
DA:17,6
DA:19,6
DA:20,2
DA:21,2
DA:22,1
DA:24,1
DA:26,2
DA:27,2
DA:28,0
DA:29,0
DA:31,0
DA:32,0
DA:33,0
DA:35,2
DA:36,0
DA:38,2
DA:42,2
DA:43,0
DA:44,0
DA:46,0
DA:48,2
DA:52,6
DA:53,3
DA:54,2
DA:58,6
DA:59,3
DA:61,6
DA:62,0
DA:63,0
DA:67,0
DA:68,0
DA:69,0
DA:72,6
DA:73,0
DA:74,0
DA:75,0
DA:80,0
DA:83,6
DA:84,0
DA:85,0
DA:87,0
DA:91,6
DA:103,0
DA:113,0
DA:123,0
DA:153,12
DA:164,0
DA:172,0
DA:175,0
DA:176,0
DA:178,0
DA:179,0
LF:61
LH:31
BRDA:21,0,0,1
BRDA:21,0,1,1
BRDA:27,1,0,0
BRDA:27,1,1,2
BRDA:27,2,0,2
BRDA:27,2,1,0
BRDA:35,3,0,0
BRDA:35,3,1,2
BRDA:42,4,0,0
BRDA:42,4,1,2
BRDA:53,5,0,2
BRDA:53,5,1,1
BRDA:84,6,0,0
BRDA:84,6,1,0
BRDA:94,7,0,6
BRDA:94,7,1,2
BRDA:135,8,0,2
BRDA:135,8,1,4
BRDA:147,9,0,6
BRDA:147,9,1,2
BRDA:151,10,0,6
BRDA:151,10,1,6
BRDA:159,11,0,12
BRDA:159,11,1,4
BRDA:175,12,0,0
BRDA:175,12,1,0
BRF:26
BRH:18
end_of_record
TN:
SF:src\components\pages\products\Filters.js
FN:4,Filters
FN:12,(anonymous_1)
FN:25,(anonymous_2)
FN:29,(anonymous_3)
FN:41,(anonymous_4)
FN:49,(anonymous_5)
FNF:6
FNH:2
FNDA:4,Filters
FNDA:0,(anonymous_1)
FNDA:0,(anonymous_2)
FNDA:0,(anonymous_3)
FNDA:1,(anonymous_4)
FNDA:0,(anonymous_5)
DA:5,4
DA:6,4
DA:8,4
DA:9,4
DA:10,4
DA:12,4
DA:13,0
DA:17,4
DA:25,0
DA:30,0
DA:41,1
DA:49,0
LF:12
LH:8
BRDA:28,0,0,4
BRDA:28,0,1,0
BRF:2
BRH:1
end_of_record
TN:
SF:src\components\pages\products\LoadMore.js
FN:4,LoadMore
FN:14,(anonymous_1)
FNF:2
FNH:2
FNDA:3,LoadMore
FNDA:1,(anonymous_1)
DA:5,3
DA:6,3
DA:7,3
DA:9,3
DA:14,1
LF:5
LH:5
BRDA:11,0,0,1
BRDA:11,0,1,2
BRF:2
BRH:2
end_of_record
TN:
SF:src\components\pages\products\Products.js
FN:9,Products
FN:18,(anonymous_1)
FN:19,(anonymous_2)
FN:25,(anonymous_3)
FN:48,(anonymous_4)
FN:49,(anonymous_5)
FN:56,(anonymous_6)
FN:57,(anonymous_7)
FN:80,(anonymous_8)
FNF:9
FNH:7
FNDA:9,Products
FNDA:0,(anonymous_1)
FNDA:0,(anonymous_2)
FNDA:3,(anonymous_3)
FNDA:1,(anonymous_4)
FNDA:2,(anonymous_5)
FNDA:1,(anonymous_6)
FNDA:2,(anonymous_7)
FNDA:12,(anonymous_8)
DA:10,9
DA:11,8
DA:12,8
DA:13,8
DA:14,8
DA:15,8
DA:16,8
DA:18,8
DA:19,0
DA:20,0
DA:22,0
DA:25,8
DA:26,3
DA:27,3
DA:28,3
DA:35,3
DA:39,3
DA:40,3
DA:41,3
DA:42,3
DA:44,0
DA:48,8
DA:49,1
DA:50,2
DA:52,1
DA:53,1
DA:56,8
DA:57,1
DA:58,2
DA:62,8
DA:63,2
DA:68,6
DA:81,12
LF:33
LH:29
BRDA:20,0,0,0
BRDA:20,0,1,0
BRDA:58,1,0,2
BRDA:58,1,1,0
BRDA:62,2,0,2
BRDA:62,2,1,6
BRDA:72,3,0,6
BRDA:72,3,1,6
BRDA:94,4,0,6
BRDA:94,4,1,0
BRF:10
BRH:6
end_of_record
TN:
SF:src\components\pages\utils\renderWithProviders.js
FN:6,(anonymous_0)
FNF:1
FNH:1
FNDA:13,(anonymous_0)
DA:6,1
DA:7,13
LF:2
LH:2
BRF:0
BRH:0
end_of_record
TN:
SF:src\components\pages\utils\loading\Loading.js
FN:4,Loading
FNF:1
FNH:0
FNDA:0,Loading
DA:5,0
LF:1
LH:0
BRF:0
BRH:0
end_of_record
TN:
SF:src\components\pages\utils\not_found\NotFound.js
FN:3,NotFound
FNF:1
FNH:0
FNDA:0,NotFound
DA:4,0
LF:1
LH:0
BRF:0
BRH:0
end_of_record
TN:
SF:src\components\pages\utils\productItem\BtnRender.js
FN:5,BtnRender
FN:17,(anonymous_1)
FN:28,(anonymous_2)
FN:32,(anonymous_3)
FNF:4
FNH:4
FNDA:23,BtnRender
FNDA:3,(anonymous_1)
FNDA:1,(anonymous_2)
FNDA:1,(anonymous_3)
DA:6,23
DA:7,23
DA:8,23
DA:10,23
DA:17,3
DA:28,1
DA:32,1
LF:7
LH:7
BRDA:12,0,0,20
BRDA:12,0,1,3
BRDA:27,1,0,1
BRDA:27,1,1,2
BRF:4
BRH:4
end_of_record
TN:
SF:src\components\pages\utils\productItem\ProductItem.js
FN:4,ProductItem
FN:11,(anonymous_1)
FNF:2
FNH:2
FNDA:18,ProductItem
FNDA:1,(anonymous_1)
DA:5,18
DA:11,1
LF:2
LH:2
BRDA:7,0,0,18
BRDA:7,0,1,17
BRDA:19,1,0,17
BRDA:19,1,1,1
BRF:4
BRH:4
end_of_record
TN:
SF:src\components\reviews\MyReviews.js
FN:5,(anonymous_0)
FN:10,(anonymous_1)
FN:11,(anonymous_2)
FN:23,(anonymous_3)
FN:24,(anonymous_4)
FN:36,(anonymous_5)
FN:37,(anonymous_6)
FN:53,(anonymous_7)
FN:63,(anonymous_8)
FN:77,(anonymous_9)
FN:80,(anonymous_10)
FN:97,(anonymous_11)
FN:105,(anonymous_12)
FNF:13
FNH:13
FNDA:15,(anonymous_0)
FNDA:2,(anonymous_1)
FNDA:4,(anonymous_2)
FNDA:2,(anonymous_3)
FNDA:4,(anonymous_4)
FNDA:5,(anonymous_5)
FNDA:5,(anonymous_6)
FNDA:1,(anonymous_7)
FNDA:2,(anonymous_8)
FNDA:18,(anonymous_9)
FNDA:1,(anonymous_10)
FNDA:2,(anonymous_11)
FNDA:2,(anonymous_12)
DA:5,1
DA:6,15
DA:7,14
DA:8,14
DA:10,14
DA:11,2
DA:12,4
DA:13,2
DA:18,2
DA:20,2
DA:23,14
DA:24,2
DA:25,4
DA:26,2
DA:31,2
DA:33,2
DA:36,14
DA:37,5
DA:38,5
DA:39,5
DA:42,5
DA:43,5
DA:44,5
DA:46,0
DA:50,5
DA:53,14
DA:54,1
DA:55,1
DA:56,1
DA:62,1
DA:64,2
DA:68,0
DA:69,0
DA:71,0
DA:75,14
DA:78,18
DA:81,1
DA:98,2
DA:106,2
LF:39
LH:35
BRDA:12,0,0,2
BRDA:12,0,1,2
BRDA:25,1,0,2
BRDA:25,1,1,2
BRDA:64,2,0,1
BRDA:64,2,1,1
BRDA:68,3,0,0
BRDA:68,3,1,0
BRDA:68,4,0,0
BRDA:68,4,1,0
BRF:10
BRH:6
end_of_record
TN:
SF:src\components\reviews\Pagination.js
FN:3,(anonymous_0)
FN:29,(anonymous_1)
FN:38,(anonymous_2)
FNF:3
FNH:3
FNDA:4,(anonymous_0)
FNDA:16,(anonymous_1)
FNDA:1,(anonymous_2)
DA:3,1
DA:11,4
DA:13,4
DA:14,4
DA:18,16
DA:20,4
DA:30,16
DA:39,1
LF:8
LH:8
BRDA:33,0,0,4
BRDA:33,0,1,12
BRF:2
BRH:2
end_of_record
TN:
SF:src\components\reviews\ReviewForm.js
FN:5,(anonymous_0)
FN:10,(anonymous_1)
FN:14,(anonymous_2)
FN:18,(anonymous_3)
FNF:4
FNH:4
FNDA:12,(anonymous_0)
FNDA:3,(anonymous_1)
FNDA:3,(anonymous_2)
FNDA:2,(anonymous_3)
DA:5,3
DA:6,12
DA:7,12
DA:8,12
DA:9,12
DA:10,12
DA:11,3
DA:14,12
DA:15,3
DA:18,12
DA:19,2
DA:20,2
DA:21,2
DA:34,1
DA:35,1
DA:37,1
DA:38,0
DA:39,1
DA:41,0
DA:43,1
DA:47,12
LF:21
LH:19
BRDA:37,0,0,0
BRDA:37,0,1,1
BRDA:37,1,0,1
BRDA:37,1,1,0
BRDA:39,2,0,0
BRDA:39,2,1,1
BRDA:39,3,0,1
BRDA:39,3,1,0
BRF:8
BRH:4
end_of_record
TN:
SF:src\components\reviews\Reviews.js
FN:7,(anonymous_0)
FN:18,(anonymous_1)
FN:22,(anonymous_2)
FN:33,(anonymous_3)
FN:37,(anonymous_4)
FN:40,(anonymous_5)
FN:49,(anonymous_6)
FN:57,(anonymous_7)
FN:69,(anonymous_8)
FN:79,(anonymous_9)
FN:92,(anonymous_10)
FN:108,(anonymous_11)
FN:121,(anonymous_12)
FN:137,(anonymous_13)
FN:142,(anonymous_14)
FN:143,(anonymous_15)
FN:156,(anonymous_16)
FN:157,(anonymous_17)
FN:165,(anonymous_18)
FN:185,(anonymous_19)
FN:202,(anonymous_20)
FN:209,(anonymous_21)
FN:216,(anonymous_22)
FN:224,(anonymous_23)
FNF:24
FNH:15
FNDA:11,(anonymous_0)
FNDA:8,(anonymous_1)
FNDA:8,(anonymous_2)
FNDA:0,(anonymous_3)
FNDA:1,(anonymous_4)
FNDA:5,(anonymous_5)
FNDA:1,(anonymous_6)
FNDA:2,(anonymous_7)
FNDA:7,(anonymous_8)
FNDA:1,(anonymous_9)
FNDA:1,(anonymous_10)
FNDA:0,(anonymous_11)
FNDA:0,(anonymous_12)
FNDA:7,(anonymous_13)
FNDA:0,(anonymous_14)
FNDA:0,(anonymous_15)
FNDA:0,(anonymous_16)
FNDA:0,(anonymous_17)
FNDA:4,(anonymous_18)
FNDA:7,(anonymous_19)
FNDA:1,(anonymous_20)
FNDA:1,(anonymous_21)
FNDA:0,(anonymous_22)
FNDA:0,(anonymous_23)
DA:7,1
DA:8,11
DA:9,10
DA:10,10
DA:11,10
DA:12,10
DA:13,10
DA:14,10
DA:15,10
DA:17,10
DA:19,8
DA:22,10
DA:23,8
DA:26,10
DA:27,10
DA:29,10
DA:33,10
DA:34,0
DA:37,10
DA:38,1
DA:40,10
DA:41,5
DA:42,5
DA:43,5
DA:44,4
DA:46,1
DA:49,10
DA:50,1
DA:51,1
DA:57,2
DA:59,0
DA:60,0
DA:61,0
DA:63,0
DA:65,0
DA:69,10
DA:70,7
DA:71,7
DA:72,7
DA:73,7
DA:74,7
DA:79,10
DA:80,1
DA:81,1
DA:90,1
DA:91,1
DA:93,1
DA:94,0
DA:96,1
DA:100,0
DA:101,0
DA:103,0
DA:106,1
DA:108,10
DA:109,0
DA:110,0
DA:119,0
DA:120,0
DA:122,0
DA:123,0
DA:125,0
DA:129,0
DA:130,0
DA:132,0
DA:135,0
DA:137,10
DA:138,7
DA:139,7
DA:142,10
DA:143,0
DA:144,0
DA:151,0
DA:153,0
DA:156,10
DA:157,0
DA:158,0
DA:159,0
DA:161,0
DA:165,10
DA:166,4
DA:169,10
DA:186,7
DA:202,1
DA:209,1
DA:216,0
DA:225,0
LF:86
LH:55
BRDA:18,0,0,0
BRDA:19,1,0,8
BRDA:19,1,1,8
BRDA:30,2,0,10
BRDA:30,2,1,0
BRDA:59,3,0,0
BRDA:59,3,1,0
BRDA:59,4,0,0
BRDA:59,4,1,0
BRDA:61,5,0,0
BRDA:61,5,1,0
BRDA:61,6,0,0
BRDA:61,6,1,0
BRDA:74,7,0,7
BRDA:74,7,1,0
BRDA:75,8,0,7
BRDA:75,8,1,0
BRDA:93,9,0,0
BRDA:93,9,1,1
BRDA:100,10,0,0
BRDA:100,10,1,0
BRDA:100,11,0,0
BRDA:100,11,1,0
BRDA:122,12,0,0
BRDA:122,12,1,0
BRDA:129,13,0,0
BRDA:129,13,1,0
BRDA:129,14,0,0
BRDA:129,14,1,0
BRDA:144,15,0,0
BRDA:144,15,1,0
BRDA:147,16,0,0
BRDA:147,16,1,0
BRDA:158,17,0,0
BRDA:158,17,1,0
BRDA:172,18,0,0
BRDA:172,18,1,10
BRDA:172,19,0,10
BRDA:172,19,1,10
BRDA:184,20,0,10
BRDA:184,20,1,0
BRDA:206,21,0,7
BRDA:206,21,1,0
BRDA:242,22,0,10
BRDA:242,22,1,0
BRF:45
BRH:12
end_of_record
